Nov 30, 2016 10:03:47 PM org.apache.catalina.core.AprLifecycleListener lifecycleEvent
INFO: The Apache Tomcat Native library which allows optimal performance in production environments was not found on the java.library.path: /usr/java/packages/lib/amd64:/usr/lib64:/lib64:/lib:/usr/lib
Nov 30, 2016 10:03:47 PM org.apache.coyote.http11.Http11Protocol init
INFO: Initializing Coyote HTTP/1.1 on http-21106
Nov 30, 2016 10:03:47 PM org.apache.catalina.startup.Catalina load
INFO: Initialization processed in 574 ms
Nov 30, 2016 10:03:47 PM org.apache.catalina.core.StandardService start
INFO: Starting service Catalina
Nov 30, 2016 10:03:47 PM org.apache.catalina.core.StandardEngine start
INFO: Starting Servlet Engine: Apache Tomcat/6.0.1
Nov 30, 2016 10:03:47 PM org.apache.catalina.core.StandardHost start
INFO: XML validation disabled
Nov 30, 2016 10:03:48 PM org.apache.coyote.http11.Http11Protocol start
INFO: Starting Coyote HTTP/1.1 on http-21106
Nov 30, 2016 10:03:48 PM org.apache.jk.common.ChannelSocket init
INFO: Port busy 8009 java.net.BindException: Address already in use
Nov 30, 2016 10:03:48 PM org.apache.jk.common.ChannelSocket init
INFO: Port busy 8010 java.net.BindException: Address already in use
Nov 30, 2016 10:03:48 PM org.apache.jk.common.ChannelSocket init
INFO: Port busy 8011 java.net.BindException: Address already in use
Nov 30, 2016 10:03:48 PM org.apache.jk.common.ChannelSocket init
INFO: Port busy 8012 java.net.BindException: Address already in use
Nov 30, 2016 10:03:48 PM org.apache.jk.common.ChannelSocket init
INFO: Port busy 8013 java.net.BindException: Address already in use
Nov 30, 2016 10:03:48 PM org.apache.jk.common.ChannelSocket init
INFO: Port busy 8014 java.net.BindException: Address already in use
Nov 30, 2016 10:03:48 PM org.apache.jk.common.ChannelSocket init
INFO: Port busy 8015 java.net.BindException: Address already in use
Nov 30, 2016 10:03:48 PM org.apache.jk.common.ChannelSocket init
INFO: Port busy 8016 java.net.BindException: Address already in use
Nov 30, 2016 10:03:48 PM org.apache.jk.common.ChannelSocket init
INFO: Port busy 8017 java.net.BindException: Address already in use
Nov 30, 2016 10:03:48 PM org.apache.jk.common.ChannelSocket init
INFO: Port busy 8018 java.net.BindException: Address already in use
Nov 30, 2016 10:03:48 PM org.apache.jk.common.ChannelSocket init
INFO: Port busy 8019 java.net.BindException: Address already in use
Nov 30, 2016 10:03:48 PM org.apache.jk.common.ChannelSocket init
SEVERE: Can't find free port 8009 8019
Nov 30, 2016 10:03:48 PM org.apache.jk.server.JkMain start
INFO: Jk running ID=0 time=0/78  config=null
Nov 30, 2016 10:03:48 PM org.apache.catalina.startup.Catalina start
INFO: Server startup in 1436 ms
Nov 30, 2016 10:19:11 PM org.apache.coyote.http11.Http11Protocol pause
INFO: Pausing Coyote HTTP/1.1 on http-21106
Nov 30, 2016 10:19:12 PM org.apache.catalina.core.StandardService stop
INFO: Stopping service Catalina
Nov 30, 2016 10:19:12 PM org.apache.coyote.http11.Http11Protocol destroy
INFO: Stopping Coyote HTTP/1.1 on http-21106
Nov 30, 2016 10:19:12 PM org.apache.jk.common.ChannelSocket destroy
INFO: Error shutting down the channel 8009 java.lang.NullPointerException
Nov 30, 2016 10:19:12 PM org.apache.catalina.core.AprLifecycleListener lifecycleEvent
INFO: Failed shutdown of Apache Portable Runtime
Nov 30, 2016 10:23:16 PM org.apache.catalina.core.AprLifecycleListener lifecycleEvent
INFO: The Apache Tomcat Native library which allows optimal performance in production environments was not found on the java.library.path: /usr/java/packages/lib/amd64:/usr/lib64:/lib64:/lib:/usr/lib
Nov 30, 2016 10:23:16 PM org.apache.coyote.http11.Http11Protocol init
INFO: Initializing Coyote HTTP/1.1 on http-21106
Nov 30, 2016 10:23:16 PM org.apache.catalina.startup.Catalina load
INFO: Initialization processed in 453 ms
Nov 30, 2016 10:23:16 PM org.apache.catalina.core.StandardService start
INFO: Starting service Catalina
Nov 30, 2016 10:23:16 PM org.apache.catalina.core.StandardEngine start
INFO: Starting Servlet Engine: Apache Tomcat/6.0.1
Nov 30, 2016 10:23:16 PM org.apache.catalina.core.StandardHost start
INFO: XML validation disabled
Nov 30, 2016 10:23:17 PM org.apache.coyote.http11.Http11Protocol start
INFO: Starting Coyote HTTP/1.1 on http-21106
Nov 30, 2016 10:23:17 PM org.apache.jk.common.ChannelSocket init
INFO: Port busy 8009 java.net.BindException: Address already in use
Nov 30, 2016 10:23:17 PM org.apache.jk.common.ChannelSocket init
INFO: Port busy 8010 java.net.BindException: Address already in use
Nov 30, 2016 10:23:17 PM org.apache.jk.common.ChannelSocket init
INFO: Port busy 8011 java.net.BindException: Address already in use
Nov 30, 2016 10:23:17 PM org.apache.jk.common.ChannelSocket init
INFO: Port busy 8012 java.net.BindException: Address already in use
Nov 30, 2016 10:23:17 PM org.apache.jk.common.ChannelSocket init
INFO: Port busy 8013 java.net.BindException: Address already in use
Nov 30, 2016 10:23:17 PM org.apache.jk.common.ChannelSocket init
INFO: Port busy 8014 java.net.BindException: Address already in use
Nov 30, 2016 10:23:17 PM org.apache.jk.common.ChannelSocket init
INFO: Port busy 8015 java.net.BindException: Address already in use
Nov 30, 2016 10:23:17 PM org.apache.jk.common.ChannelSocket init
INFO: Port busy 8016 java.net.BindException: Address already in use
Nov 30, 2016 10:23:17 PM org.apache.jk.common.ChannelSocket init
INFO: Port busy 8017 java.net.BindException: Address already in use
Nov 30, 2016 10:23:17 PM org.apache.jk.common.ChannelSocket init
INFO: Port busy 8018 java.net.BindException: Address already in use
Nov 30, 2016 10:23:17 PM org.apache.jk.common.ChannelSocket init
INFO: Port busy 8019 java.net.BindException: Address already in use
Nov 30, 2016 10:23:17 PM org.apache.jk.common.ChannelSocket init
SEVERE: Can't find free port 8009 8019
Nov 30, 2016 10:23:17 PM org.apache.jk.server.JkMain start
INFO: Jk running ID=0 time=0/30  config=null
Nov 30, 2016 10:23:18 PM org.apache.catalina.startup.Catalina start
INFO: Server startup in 1160 ms
java.sql.SQLException: ORA-01017: invalid username/password; logon denied

	at oracle.jdbc.driver.DatabaseError.throwSqlException(DatabaseError.java:112)
	at oracle.jdbc.driver.T4CTTIoer.processError(T4CTTIoer.java:331)
	at oracle.jdbc.driver.T4CTTIoer.processError(T4CTTIoer.java:283)
	at oracle.jdbc.driver.T4CTTIoer.processError(T4CTTIoer.java:278)
	at oracle.jdbc.driver.T4CTTIoauthenticate.receiveOauth(T4CTTIoauthenticate.java:785)
	at oracle.jdbc.driver.T4CConnection.logon(T4CConnection.java:362)
	at oracle.jdbc.driver.PhysicalConnection.<init>(PhysicalConnection.java:414)
	at oracle.jdbc.driver.T4CConnection.<init>(T4CConnection.java:165)
	at oracle.jdbc.driver.T4CDriverExtension.getConnection(T4CDriverExtension.java:35)
	at oracle.jdbc.driver.OracleDriver.connect(OracleDriver.java:801)
	at java.sql.DriverManager.getConnection(DriverManager.java:664)
	at java.sql.DriverManager.getConnection(DriverManager.java:247)
	at dbController.DatabaseController.Open(DatabaseController.java:80)
	at org.apache.jsp.searchprocess_jsp._jspService(searchprocess_jsp.java:73)
	at org.apache.jasper.runtime.HttpJspBase.service(HttpJspBase.java:98)
	at javax.servlet.http.HttpServlet.service(HttpServlet.java:803)
	at org.apache.jasper.servlet.JspServletWrapper.service(JspServletWrapper.java:390)
	at org.apache.jasper.servlet.JspServlet.serviceJspFile(JspServlet.java:320)
	at org.apache.jasper.servlet.JspServlet.service(JspServlet.java:266)
	at javax.servlet.http.HttpServlet.service(HttpServlet.java:803)
	at org.apache.catalina.core.ApplicationFilterChain.internalDoFilter(ApplicationFilterChain.java:290)
	at org.apache.catalina.core.ApplicationFilterChain.doFilter(ApplicationFilterChain.java:206)
	at org.apache.catalina.core.StandardWrapperValve.invoke(StandardWrapperValve.java:228)
	at org.apache.catalina.core.StandardContextValve.invoke(StandardContextValve.java:175)
	at org.apache.catalina.core.StandardHostValve.invoke(StandardHostValve.java:128)
	at org.apache.catalina.valves.ErrorReportValve.invoke(ErrorReportValve.java:105)
	at org.apache.catalina.core.StandardEngineValve.invoke(StandardEngineValve.java:109)
	at org.apache.catalina.connector.CoyoteAdapter.service(CoyoteAdapter.java:212)
	at org.apache.coyote.http11.Http11Processor.process(Http11Processor.java:818)
	at org.apache.coyote.http11.Http11Protocol$Http11ConnectionHandler.process(Http11Protocol.java:624)
	at org.apache.tomcat.util.net.JIoEndpoint$Worker.run(JIoEndpoint.java:445)
	at java.lang.Thread.run(Thread.java:745)
java.sql.SQLException: ORA-01017: invalid username/password; logon denied

	at oracle.jdbc.driver.DatabaseError.throwSqlException(DatabaseError.java:112)
	at oracle.jdbc.driver.T4CTTIoer.processError(T4CTTIoer.java:331)
	at oracle.jdbc.driver.T4CTTIoer.processError(T4CTTIoer.java:283)
	at oracle.jdbc.driver.T4CTTIoer.processError(T4CTTIoer.java:278)
	at oracle.jdbc.driver.T4CTTIoauthenticate.receiveOauth(T4CTTIoauthenticate.java:785)
	at oracle.jdbc.driver.T4CConnection.logon(T4CConnection.java:362)
	at oracle.jdbc.driver.PhysicalConnection.<init>(PhysicalConnection.java:414)
	at oracle.jdbc.driver.T4CConnection.<init>(T4CConnection.java:165)
	at oracle.jdbc.driver.T4CDriverExtension.getConnection(T4CDriverExtension.java:35)
	at oracle.jdbc.driver.OracleDriver.connect(OracleDriver.java:801)
	at java.sql.DriverManager.getConnection(DriverManager.java:664)
	at java.sql.DriverManager.getConnection(DriverManager.java:247)
	at dbController.DatabaseController.Open(DatabaseController.java:80)
	at org.apache.jsp.searchprocess_jsp._jspService(searchprocess_jsp.java:73)
	at org.apache.jasper.runtime.HttpJspBase.service(HttpJspBase.java:98)
	at javax.servlet.http.HttpServlet.service(HttpServlet.java:803)
	at org.apache.jasper.servlet.JspServletWrapper.service(JspServletWrapper.java:390)
	at org.apache.jasper.servlet.JspServlet.serviceJspFile(JspServlet.java:320)
	at org.apache.jasper.servlet.JspServlet.service(JspServlet.java:266)
	at javax.servlet.http.HttpServlet.service(HttpServlet.java:803)
	at org.apache.catalina.core.ApplicationFilterChain.internalDoFilter(ApplicationFilterChain.java:290)
	at org.apache.catalina.core.ApplicationFilterChain.doFilter(ApplicationFilterChain.java:206)
	at org.apache.catalina.core.StandardWrapperValve.invoke(StandardWrapperValve.java:228)
	at org.apache.catalina.core.StandardContextValve.invoke(StandardContextValve.java:175)
	at org.apache.catalina.core.StandardHostValve.invoke(StandardHostValve.java:128)
	at org.apache.catalina.valves.ErrorReportValve.invoke(ErrorReportValve.java:105)
	at org.apache.catalina.core.StandardEngineValve.invoke(StandardEngineValve.java:109)
	at org.apache.catalina.connector.CoyoteAdapter.service(CoyoteAdapter.java:212)
	at org.apache.coyote.http11.Http11Processor.process(Http11Processor.java:818)
	at org.apache.coyote.http11.Http11Protocol$Http11ConnectionHandler.process(Http11Protocol.java:624)
	at org.apache.tomcat.util.net.JIoEndpoint$Worker.run(JIoEndpoint.java:445)
	at java.lang.Thread.run(Thread.java:745)
java.sql.SQLException: ORA-01017: invalid username/password; logon denied

	at oracle.jdbc.driver.DatabaseError.throwSqlException(DatabaseError.java:112)
	at oracle.jdbc.driver.T4CTTIoer.processError(T4CTTIoer.java:331)
	at oracle.jdbc.driver.T4CTTIoer.processError(T4CTTIoer.java:283)
	at oracle.jdbc.driver.T4CTTIoer.processError(T4CTTIoer.java:278)
	at oracle.jdbc.driver.T4CTTIoauthenticate.receiveOauth(T4CTTIoauthenticate.java:785)
	at oracle.jdbc.driver.T4CConnection.logon(T4CConnection.java:362)
	at oracle.jdbc.driver.PhysicalConnection.<init>(PhysicalConnection.java:414)
	at oracle.jdbc.driver.T4CConnection.<init>(T4CConnection.java:165)
	at oracle.jdbc.driver.T4CDriverExtension.getConnection(T4CDriverExtension.java:35)
	at oracle.jdbc.driver.OracleDriver.connect(OracleDriver.java:801)
	at java.sql.DriverManager.getConnection(DriverManager.java:664)
	at java.sql.DriverManager.getConnection(DriverManager.java:247)
	at dbController.DatabaseController.Open(DatabaseController.java:80)
	at org.apache.jsp.searchprocess_jsp._jspService(searchprocess_jsp.java:73)
	at org.apache.jasper.runtime.HttpJspBase.service(HttpJspBase.java:98)
	at javax.servlet.http.HttpServlet.service(HttpServlet.java:803)
	at org.apache.jasper.servlet.JspServletWrapper.service(JspServletWrapper.java:390)
	at org.apache.jasper.servlet.JspServlet.serviceJspFile(JspServlet.java:320)
	at org.apache.jasper.servlet.JspServlet.service(JspServlet.java:266)
	at javax.servlet.http.HttpServlet.service(HttpServlet.java:803)
	at org.apache.catalina.core.ApplicationFilterChain.internalDoFilter(ApplicationFilterChain.java:290)
	at org.apache.catalina.core.ApplicationFilterChain.doFilter(ApplicationFilterChain.java:206)
	at org.apache.catalina.core.StandardWrapperValve.invoke(StandardWrapperValve.java:228)
	at org.apache.catalina.core.StandardContextValve.invoke(StandardContextValve.java:175)
	at org.apache.catalina.core.StandardHostValve.invoke(StandardHostValve.java:128)
	at org.apache.catalina.valves.ErrorReportValve.invoke(ErrorReportValve.java:105)
	at org.apache.catalina.core.StandardEngineValve.invoke(StandardEngineValve.java:109)
	at org.apache.catalina.connector.CoyoteAdapter.service(CoyoteAdapter.java:212)
	at org.apache.coyote.http11.Http11Processor.process(Http11Processor.java:818)
	at org.apache.coyote.http11.Http11Protocol$Http11ConnectionHandler.process(Http11Protocol.java:624)
	at org.apache.tomcat.util.net.JIoEndpoint$Worker.run(JIoEndpoint.java:445)
	at java.lang.Thread.run(Thread.java:745)
Nov 30, 2016 10:29:25 PM org.apache.coyote.http11.Http11Protocol pause
INFO: Pausing Coyote HTTP/1.1 on http-21106
Nov 30, 2016 10:29:26 PM org.apache.catalina.core.StandardService stop
INFO: Stopping service Catalina
Nov 30, 2016 10:29:26 PM org.apache.coyote.http11.Http11Protocol destroy
INFO: Stopping Coyote HTTP/1.1 on http-21106
Nov 30, 2016 10:29:26 PM org.apache.jk.common.ChannelSocket destroy
INFO: Error shutting down the channel 8009 java.lang.NullPointerException
Nov 30, 2016 10:29:26 PM org.apache.catalina.core.AprLifecycleListener lifecycleEvent
INFO: Failed shutdown of Apache Portable Runtime
Nov 30, 2016 10:34:19 PM org.apache.catalina.core.AprLifecycleListener lifecycleEvent
INFO: The Apache Tomcat Native library which allows optimal performance in production environments was not found on the java.library.path: /usr/java/packages/lib/amd64:/usr/lib64:/lib64:/lib:/usr/lib
Nov 30, 2016 10:34:19 PM org.apache.coyote.http11.Http11Protocol init
INFO: Initializing Coyote HTTP/1.1 on http-21106
Nov 30, 2016 10:34:19 PM org.apache.catalina.startup.Catalina load
INFO: Initialization processed in 441 ms
Nov 30, 2016 10:34:19 PM org.apache.catalina.core.StandardService start
INFO: Starting service Catalina
Nov 30, 2016 10:34:19 PM org.apache.catalina.core.StandardEngine start
INFO: Starting Servlet Engine: Apache Tomcat/6.0.1
Nov 30, 2016 10:34:19 PM org.apache.catalina.core.StandardHost start
INFO: XML validation disabled
Nov 30, 2016 10:34:20 PM org.apache.coyote.http11.Http11Protocol start
INFO: Starting Coyote HTTP/1.1 on http-21106
Nov 30, 2016 10:34:20 PM org.apache.jk.common.ChannelSocket init
INFO: Port busy 8009 java.net.BindException: Address already in use
Nov 30, 2016 10:34:20 PM org.apache.jk.common.ChannelSocket init
INFO: Port busy 8010 java.net.BindException: Address already in use
Nov 30, 2016 10:34:20 PM org.apache.jk.common.ChannelSocket init
INFO: Port busy 8011 java.net.BindException: Address already in use
Nov 30, 2016 10:34:20 PM org.apache.jk.common.ChannelSocket init
INFO: Port busy 8012 java.net.BindException: Address already in use
Nov 30, 2016 10:34:20 PM org.apache.jk.common.ChannelSocket init
INFO: Port busy 8013 java.net.BindException: Address already in use
Nov 30, 2016 10:34:20 PM org.apache.jk.common.ChannelSocket init
INFO: Port busy 8014 java.net.BindException: Address already in use
Nov 30, 2016 10:34:20 PM org.apache.jk.common.ChannelSocket init
INFO: Port busy 8015 java.net.BindException: Address already in use
Nov 30, 2016 10:34:20 PM org.apache.jk.common.ChannelSocket init
INFO: Port busy 8016 java.net.BindException: Address already in use
Nov 30, 2016 10:34:20 PM org.apache.jk.common.ChannelSocket init
INFO: Port busy 8017 java.net.BindException: Address already in use
Nov 30, 2016 10:34:20 PM org.apache.jk.common.ChannelSocket init
INFO: Port busy 8018 java.net.BindException: Address already in use
Nov 30, 2016 10:34:20 PM org.apache.jk.common.ChannelSocket init
INFO: Port busy 8019 java.net.BindException: Address already in use
Nov 30, 2016 10:34:20 PM org.apache.jk.common.ChannelSocket init
SEVERE: Can't find free port 8009 8019
Nov 30, 2016 10:34:20 PM org.apache.jk.server.JkMain start
INFO: Jk running ID=0 time=0/25  config=null
Nov 30, 2016 10:34:20 PM org.apache.catalina.startup.Catalina start
INFO: Server startup in 1120 ms
Nov 30, 2016 10:35:14 PM org.apache.coyote.http11.Http11Protocol pause
INFO: Pausing Coyote HTTP/1.1 on http-21106
Nov 30, 2016 10:35:15 PM org.apache.catalina.core.StandardService stop
INFO: Stopping service Catalina
Nov 30, 2016 10:35:15 PM org.apache.coyote.http11.Http11Protocol destroy
INFO: Stopping Coyote HTTP/1.1 on http-21106
Nov 30, 2016 10:35:15 PM org.apache.jk.common.ChannelSocket destroy
INFO: Error shutting down the channel 8009 java.lang.NullPointerException
Nov 30, 2016 10:35:15 PM org.apache.catalina.core.AprLifecycleListener lifecycleEvent
INFO: Failed shutdown of Apache Portable Runtime
Nov 30, 2016 10:40:31 PM org.apache.catalina.core.AprLifecycleListener lifecycleEvent
INFO: The Apache Tomcat Native library which allows optimal performance in production environments was not found on the java.library.path: /usr/java/packages/lib/amd64:/usr/lib64:/lib64:/lib:/usr/lib
Nov 30, 2016 10:40:31 PM org.apache.coyote.http11.Http11Protocol init
INFO: Initializing Coyote HTTP/1.1 on http-21106
Nov 30, 2016 10:40:31 PM org.apache.catalina.startup.Catalina load
INFO: Initialization processed in 388 ms
Nov 30, 2016 10:40:32 PM org.apache.catalina.core.StandardService start
INFO: Starting service Catalina
Nov 30, 2016 10:40:32 PM org.apache.catalina.core.StandardEngine start
INFO: Starting Servlet Engine: Apache Tomcat/6.0.1
Nov 30, 2016 10:40:32 PM org.apache.catalina.core.StandardHost start
INFO: XML validation disabled
Nov 30, 2016 10:40:33 PM org.apache.coyote.http11.Http11Protocol start
INFO: Starting Coyote HTTP/1.1 on http-21106
Nov 30, 2016 10:40:33 PM org.apache.jk.common.ChannelSocket init
INFO: Port busy 8009 java.net.BindException: Address already in use
Nov 30, 2016 10:40:33 PM org.apache.jk.common.ChannelSocket init
INFO: Port busy 8010 java.net.BindException: Address already in use
Nov 30, 2016 10:40:33 PM org.apache.jk.common.ChannelSocket init
INFO: Port busy 8011 java.net.BindException: Address already in use
Nov 30, 2016 10:40:33 PM org.apache.jk.common.ChannelSocket init
INFO: Port busy 8012 java.net.BindException: Address already in use
Nov 30, 2016 10:40:33 PM org.apache.jk.common.ChannelSocket init
INFO: Port busy 8013 java.net.BindException: Address already in use
Nov 30, 2016 10:40:33 PM org.apache.jk.common.ChannelSocket init
INFO: Port busy 8014 java.net.BindException: Address already in use
Nov 30, 2016 10:40:33 PM org.apache.jk.common.ChannelSocket init
INFO: Port busy 8015 java.net.BindException: Address already in use
Nov 30, 2016 10:40:33 PM org.apache.jk.common.ChannelSocket init
INFO: Port busy 8016 java.net.BindException: Address already in use
Nov 30, 2016 10:40:33 PM org.apache.jk.common.ChannelSocket init
INFO: Port busy 8017 java.net.BindException: Address already in use
Nov 30, 2016 10:40:33 PM org.apache.jk.common.ChannelSocket init
INFO: Port busy 8018 java.net.BindException: Address already in use
Nov 30, 2016 10:40:33 PM org.apache.jk.common.ChannelSocket init
INFO: Port busy 8019 java.net.BindException: Address already in use
Nov 30, 2016 10:40:33 PM org.apache.jk.common.ChannelSocket init
SEVERE: Can't find free port 8009 8019
Nov 30, 2016 10:40:33 PM org.apache.jk.server.JkMain start
INFO: Jk running ID=0 time=0/19  config=null
Nov 30, 2016 10:40:33 PM org.apache.catalina.startup.Catalina start
INFO: Server startup in 1648 ms
Nov 30, 2016 10:40:57 PM org.apache.coyote.http11.Http11Protocol pause
INFO: Pausing Coyote HTTP/1.1 on http-21106
Nov 30, 2016 10:40:58 PM org.apache.catalina.core.StandardService stop
INFO: Stopping service Catalina
Nov 30, 2016 10:40:58 PM org.apache.coyote.http11.Http11Protocol destroy
INFO: Stopping Coyote HTTP/1.1 on http-21106
Nov 30, 2016 10:40:58 PM org.apache.jk.common.ChannelSocket destroy
INFO: Error shutting down the channel 8009 java.lang.NullPointerException
Nov 30, 2016 10:40:58 PM org.apache.catalina.core.AprLifecycleListener lifecycleEvent
INFO: Failed shutdown of Apache Portable Runtime
Nov 30, 2016 10:41:46 PM org.apache.catalina.core.AprLifecycleListener lifecycleEvent
INFO: The Apache Tomcat Native library which allows optimal performance in production environments was not found on the java.library.path: /usr/java/packages/lib/amd64:/usr/lib64:/lib64:/lib:/usr/lib
Nov 30, 2016 10:41:46 PM org.apache.coyote.http11.Http11Protocol init
INFO: Initializing Coyote HTTP/1.1 on http-21106
Nov 30, 2016 10:41:46 PM org.apache.catalina.startup.Catalina load
INFO: Initialization processed in 423 ms
Nov 30, 2016 10:41:46 PM org.apache.catalina.core.StandardService start
INFO: Starting service Catalina
Nov 30, 2016 10:41:46 PM org.apache.catalina.core.StandardEngine start
INFO: Starting Servlet Engine: Apache Tomcat/6.0.1
Nov 30, 2016 10:41:46 PM org.apache.catalina.core.StandardHost start
INFO: XML validation disabled
Nov 30, 2016 10:41:47 PM org.apache.coyote.http11.Http11Protocol start
INFO: Starting Coyote HTTP/1.1 on http-21106
Nov 30, 2016 10:41:47 PM org.apache.jk.common.ChannelSocket init
INFO: Port busy 8009 java.net.BindException: Address already in use
Nov 30, 2016 10:41:47 PM org.apache.jk.common.ChannelSocket init
INFO: Port busy 8010 java.net.BindException: Address already in use
Nov 30, 2016 10:41:47 PM org.apache.jk.common.ChannelSocket init
INFO: Port busy 8011 java.net.BindException: Address already in use
Nov 30, 2016 10:41:47 PM org.apache.jk.common.ChannelSocket init
INFO: Port busy 8012 java.net.BindException: Address already in use
Nov 30, 2016 10:41:47 PM org.apache.jk.common.ChannelSocket init
INFO: Port busy 8013 java.net.BindException: Address already in use
Nov 30, 2016 10:41:47 PM org.apache.jk.common.ChannelSocket init
INFO: Port busy 8014 java.net.BindException: Address already in use
Nov 30, 2016 10:41:47 PM org.apache.jk.common.ChannelSocket init
INFO: Port busy 8015 java.net.BindException: Address already in use
Nov 30, 2016 10:41:47 PM org.apache.jk.common.ChannelSocket init
INFO: Port busy 8016 java.net.BindException: Address already in use
Nov 30, 2016 10:41:47 PM org.apache.jk.common.ChannelSocket init
INFO: Port busy 8017 java.net.BindException: Address already in use
Nov 30, 2016 10:41:47 PM org.apache.jk.common.ChannelSocket init
INFO: Port busy 8018 java.net.BindException: Address already in use
Nov 30, 2016 10:41:47 PM org.apache.jk.common.ChannelSocket init
INFO: Port busy 8019 java.net.BindException: Address already in use
Nov 30, 2016 10:41:47 PM org.apache.jk.common.ChannelSocket init
SEVERE: Can't find free port 8009 8019
Nov 30, 2016 10:41:47 PM org.apache.jk.server.JkMain start
INFO: Jk running ID=0 time=0/19  config=null
Nov 30, 2016 10:41:47 PM org.apache.catalina.startup.Catalina start
INFO: Server startup in 1039 ms
Nov 30, 2016 10:42:07 PM org.apache.coyote.http11.Http11Protocol pause
INFO: Pausing Coyote HTTP/1.1 on http-21106
Nov 30, 2016 10:42:08 PM org.apache.catalina.core.StandardService stop
INFO: Stopping service Catalina
Nov 30, 2016 10:42:08 PM org.apache.coyote.http11.Http11Protocol destroy
INFO: Stopping Coyote HTTP/1.1 on http-21106
Nov 30, 2016 10:42:08 PM org.apache.jk.common.ChannelSocket destroy
INFO: Error shutting down the channel 8009 java.lang.NullPointerException
Nov 30, 2016 10:42:08 PM org.apache.catalina.core.AprLifecycleListener lifecycleEvent
INFO: Failed shutdown of Apache Portable Runtime
Dec 01, 2016 5:13:43 PM org.apache.catalina.core.AprLifecycleListener lifecycleEvent
INFO: The Apache Tomcat Native library which allows optimal performance in production environments was not found on the java.library.path: /usr/java/packages/lib/amd64:/usr/lib64:/lib64:/lib:/usr/lib
Dec 01, 2016 5:13:43 PM org.apache.coyote.http11.Http11Protocol init
INFO: Initializing Coyote HTTP/1.1 on http-21106
Dec 01, 2016 5:13:43 PM org.apache.catalina.startup.Catalina load
INFO: Initialization processed in 467 ms
Dec 01, 2016 5:13:43 PM org.apache.catalina.core.StandardService start
INFO: Starting service Catalina
Dec 01, 2016 5:13:43 PM org.apache.catalina.core.StandardEngine start
INFO: Starting Servlet Engine: Apache Tomcat/6.0.1
Dec 01, 2016 5:13:43 PM org.apache.catalina.core.StandardHost start
INFO: XML validation disabled
Dec 01, 2016 5:13:45 PM org.apache.coyote.http11.Http11Protocol start
INFO: Starting Coyote HTTP/1.1 on http-21106
Dec 01, 2016 5:13:45 PM org.apache.jk.common.ChannelSocket init
INFO: Port busy 8009 java.net.BindException: Address already in use
Dec 01, 2016 5:13:45 PM org.apache.jk.common.ChannelSocket init
INFO: Port busy 8010 java.net.BindException: Address already in use
Dec 01, 2016 5:13:45 PM org.apache.jk.common.ChannelSocket init
INFO: Port busy 8011 java.net.BindException: Address already in use
Dec 01, 2016 5:13:45 PM org.apache.jk.common.ChannelSocket init
INFO: Port busy 8012 java.net.BindException: Address already in use
Dec 01, 2016 5:13:45 PM org.apache.jk.common.ChannelSocket init
INFO: Port busy 8013 java.net.BindException: Address already in use
Dec 01, 2016 5:13:45 PM org.apache.jk.common.ChannelSocket init
INFO: Port busy 8014 java.net.BindException: Address already in use
Dec 01, 2016 5:13:45 PM org.apache.jk.common.ChannelSocket init
INFO: Port busy 8015 java.net.BindException: Address already in use
Dec 01, 2016 5:13:45 PM org.apache.jk.common.ChannelSocket init
INFO: Port busy 8016 java.net.BindException: Address already in use
Dec 01, 2016 5:13:45 PM org.apache.jk.common.ChannelSocket init
INFO: Port busy 8017 java.net.BindException: Address already in use
Dec 01, 2016 5:13:45 PM org.apache.jk.common.ChannelSocket init
INFO: Port busy 8018 java.net.BindException: Address already in use
Dec 01, 2016 5:13:45 PM org.apache.jk.common.ChannelSocket init
INFO: Port busy 8019 java.net.BindException: Address already in use
Dec 01, 2016 5:13:45 PM org.apache.jk.common.ChannelSocket init
SEVERE: Can't find free port 8009 8019
Dec 01, 2016 5:13:45 PM org.apache.jk.server.JkMain start
INFO: Jk running ID=0 time=0/30  config=null
Dec 01, 2016 5:13:45 PM org.apache.catalina.startup.Catalina start
INFO: Server startup in 1686 ms
Dec 01, 2016 5:15:03 PM org.apache.coyote.http11.Http11Protocol pause
INFO: Pausing Coyote HTTP/1.1 on http-21106
Dec 01, 2016 5:15:04 PM org.apache.catalina.core.StandardService stop
INFO: Stopping service Catalina
Dec 01, 2016 5:15:04 PM org.apache.coyote.http11.Http11Protocol destroy
INFO: Stopping Coyote HTTP/1.1 on http-21106
Dec 01, 2016 5:15:04 PM org.apache.jk.common.ChannelSocket destroy
INFO: Error shutting down the channel 8009 java.lang.NullPointerException
Dec 01, 2016 5:15:04 PM org.apache.catalina.core.AprLifecycleListener lifecycleEvent
INFO: Failed shutdown of Apache Portable Runtime
Dec 05, 2016 11:20:27 AM org.apache.catalina.core.AprLifecycleListener lifecycleEvent
INFO: The Apache Tomcat Native library which allows optimal performance in production environments was not found on the java.library.path: /usr/java/packages/lib/amd64:/usr/lib64:/lib64:/lib:/usr/lib
Dec 05, 2016 11:20:27 AM org.apache.coyote.http11.Http11Protocol init
INFO: Initializing Coyote HTTP/1.1 on http-21106
Dec 05, 2016 11:20:27 AM org.apache.catalina.startup.Catalina load
INFO: Initialization processed in 433 ms
Dec 05, 2016 11:20:27 AM org.apache.catalina.core.StandardService start
INFO: Starting service Catalina
Dec 05, 2016 11:20:27 AM org.apache.catalina.core.StandardEngine start
INFO: Starting Servlet Engine: Apache Tomcat/6.0.1
Dec 05, 2016 11:20:27 AM org.apache.catalina.core.StandardHost start
INFO: XML validation disabled
Dec 05, 2016 11:20:29 AM org.apache.coyote.http11.Http11Protocol start
INFO: Starting Coyote HTTP/1.1 on http-21106
Dec 05, 2016 11:20:29 AM org.apache.jk.common.ChannelSocket init
INFO: Port busy 8009 java.net.BindException: Address already in use
Dec 05, 2016 11:20:29 AM org.apache.jk.common.ChannelSocket init
INFO: Port busy 8010 java.net.BindException: Address already in use
Dec 05, 2016 11:20:29 AM org.apache.jk.common.ChannelSocket init
INFO: Port busy 8011 java.net.BindException: Address already in use
Dec 05, 2016 11:20:29 AM org.apache.jk.common.ChannelSocket init
INFO: Port busy 8012 java.net.BindException: Address already in use
Dec 05, 2016 11:20:29 AM org.apache.jk.common.ChannelSocket init
INFO: Port busy 8013 java.net.BindException: Address already in use
Dec 05, 2016 11:20:29 AM org.apache.jk.common.ChannelSocket init
INFO: JK: ajp13 listening on /0.0.0.0:8014
Dec 05, 2016 11:20:29 AM org.apache.jk.server.JkMain start
INFO: Jk running ID=5 time=0/34  config=null
Dec 05, 2016 11:20:29 AM org.apache.catalina.startup.Catalina start
INFO: Server startup in 1763 ms
Dec 05, 2016 11:20:53 AM org.apache.coyote.http11.Http11Protocol pause
INFO: Pausing Coyote HTTP/1.1 on http-21106
Dec 05, 2016 11:20:54 AM org.apache.catalina.core.StandardService stop
INFO: Stopping service Catalina
Dec 05, 2016 11:20:54 AM org.apache.coyote.http11.Http11Protocol destroy
INFO: Stopping Coyote HTTP/1.1 on http-21106
Dec 05, 2016 11:20:54 AM org.apache.catalina.core.AprLifecycleListener lifecycleEvent
INFO: Failed shutdown of Apache Portable Runtime
Dec 05, 2016 11:21:51 AM org.apache.catalina.core.AprLifecycleListener lifecycleEvent
INFO: The Apache Tomcat Native library which allows optimal performance in production environments was not found on the java.library.path: /usr/java/packages/lib/amd64:/usr/lib64:/lib64:/lib:/usr/lib
Dec 05, 2016 11:21:51 AM org.apache.coyote.http11.Http11Protocol init
INFO: Initializing Coyote HTTP/1.1 on http-21106
Dec 05, 2016 11:21:51 AM org.apache.catalina.startup.Catalina load
INFO: Initialization processed in 348 ms
Dec 05, 2016 11:21:51 AM org.apache.catalina.core.StandardService start
INFO: Starting service Catalina
Dec 05, 2016 11:21:51 AM org.apache.catalina.core.StandardEngine start
INFO: Starting Servlet Engine: Apache Tomcat/6.0.1
Dec 05, 2016 11:21:51 AM org.apache.catalina.core.StandardHost start
INFO: XML validation disabled
Dec 05, 2016 11:21:52 AM org.apache.coyote.http11.Http11Protocol start
INFO: Starting Coyote HTTP/1.1 on http-21106
Dec 05, 2016 11:21:52 AM org.apache.jk.common.ChannelSocket init
INFO: Port busy 8009 java.net.BindException: Address already in use
Dec 05, 2016 11:21:52 AM org.apache.jk.common.ChannelSocket init
INFO: Port busy 8010 java.net.BindException: Address already in use
Dec 05, 2016 11:21:52 AM org.apache.jk.common.ChannelSocket init
INFO: Port busy 8011 java.net.BindException: Address already in use
Dec 05, 2016 11:21:52 AM org.apache.jk.common.ChannelSocket init
INFO: Port busy 8012 java.net.BindException: Address already in use
Dec 05, 2016 11:21:52 AM org.apache.jk.common.ChannelSocket init
INFO: Port busy 8013 java.net.BindException: Address already in use
Dec 05, 2016 11:21:52 AM org.apache.jk.common.ChannelSocket init
INFO: JK: ajp13 listening on /0.0.0.0:8014
Dec 05, 2016 11:21:52 AM org.apache.jk.server.JkMain start
INFO: Jk running ID=5 time=0/36  config=null
Dec 05, 2016 11:21:52 AM org.apache.catalina.startup.Catalina start
INFO: Server startup in 810 ms
Dec 05, 2016 11:22:14 AM org.apache.coyote.http11.Http11Protocol pause
INFO: Pausing Coyote HTTP/1.1 on http-21106
Dec 05, 2016 11:22:15 AM org.apache.catalina.core.StandardService stop
INFO: Stopping service Catalina
Dec 05, 2016 11:22:15 AM org.apache.coyote.http11.Http11Protocol destroy
INFO: Stopping Coyote HTTP/1.1 on http-21106
Dec 05, 2016 11:22:15 AM org.apache.catalina.core.AprLifecycleListener lifecycleEvent
INFO: Failed shutdown of Apache Portable Runtime
Dec 05, 2016 11:22:29 AM org.apache.catalina.core.AprLifecycleListener lifecycleEvent
INFO: The Apache Tomcat Native library which allows optimal performance in production environments was not found on the java.library.path: /usr/java/packages/lib/amd64:/usr/lib64:/lib64:/lib:/usr/lib
Dec 05, 2016 11:22:29 AM org.apache.coyote.http11.Http11Protocol init
INFO: Initializing Coyote HTTP/1.1 on http-21106
Dec 05, 2016 11:22:29 AM org.apache.catalina.startup.Catalina load
INFO: Initialization processed in 270 ms
Dec 05, 2016 11:22:29 AM org.apache.catalina.core.StandardService start
INFO: Starting service Catalina
Dec 05, 2016 11:22:29 AM org.apache.catalina.core.StandardEngine start
INFO: Starting Servlet Engine: Apache Tomcat/6.0.1
Dec 05, 2016 11:22:29 AM org.apache.catalina.core.StandardHost start
INFO: XML validation disabled
Dec 05, 2016 11:22:30 AM org.apache.coyote.http11.Http11Protocol start
INFO: Starting Coyote HTTP/1.1 on http-21106
Dec 05, 2016 11:22:30 AM org.apache.jk.common.ChannelSocket init
INFO: Port busy 8009 java.net.BindException: Address already in use
Dec 05, 2016 11:22:30 AM org.apache.jk.common.ChannelSocket init
INFO: Port busy 8010 java.net.BindException: Address already in use
Dec 05, 2016 11:22:30 AM org.apache.jk.common.ChannelSocket init
INFO: Port busy 8011 java.net.BindException: Address already in use
Dec 05, 2016 11:22:30 AM org.apache.jk.common.ChannelSocket init
INFO: Port busy 8012 java.net.BindException: Address already in use
Dec 05, 2016 11:22:30 AM org.apache.jk.common.ChannelSocket init
INFO: Port busy 8013 java.net.BindException: Address already in use
Dec 05, 2016 11:22:30 AM org.apache.jk.common.ChannelSocket init
INFO: JK: ajp13 listening on /0.0.0.0:8014
Dec 05, 2016 11:22:30 AM org.apache.jk.server.JkMain start
INFO: Jk running ID=5 time=0/27  config=null
Dec 05, 2016 11:22:30 AM org.apache.catalina.startup.Catalina start
INFO: Server startup in 742 ms
Dec 05, 2016 11:22:36 AM org.apache.coyote.http11.Http11Protocol pause
INFO: Pausing Coyote HTTP/1.1 on http-21106
Dec 05, 2016 11:22:37 AM org.apache.catalina.core.StandardService stop
INFO: Stopping service Catalina
Dec 05, 2016 11:22:37 AM org.apache.coyote.http11.Http11Protocol destroy
INFO: Stopping Coyote HTTP/1.1 on http-21106
Dec 05, 2016 11:22:37 AM org.apache.catalina.core.AprLifecycleListener lifecycleEvent
INFO: Failed shutdown of Apache Portable Runtime
Dec 05, 2016 5:56:15 PM org.apache.catalina.core.AprLifecycleListener lifecycleEvent
INFO: The Apache Tomcat Native library which allows optimal performance in production environments was not found on the java.library.path: /usr/java/packages/lib/amd64:/usr/lib64:/lib64:/lib:/usr/lib
Dec 05, 2016 5:56:15 PM org.apache.coyote.http11.Http11Protocol init
INFO: Initializing Coyote HTTP/1.1 on http-21106
Dec 05, 2016 5:56:15 PM org.apache.catalina.startup.Catalina load
INFO: Initialization processed in 413 ms
Dec 05, 2016 5:56:15 PM org.apache.catalina.core.StandardService start
INFO: Starting service Catalina
Dec 05, 2016 5:56:15 PM org.apache.catalina.core.StandardEngine start
INFO: Starting Servlet Engine: Apache Tomcat/6.0.1
Dec 05, 2016 5:56:15 PM org.apache.catalina.core.StandardHost start
INFO: XML validation disabled
Dec 05, 2016 5:56:16 PM org.apache.coyote.http11.Http11Protocol start
INFO: Starting Coyote HTTP/1.1 on http-21106
Dec 05, 2016 5:56:16 PM org.apache.jk.common.ChannelSocket init
INFO: Port busy 8009 java.net.BindException: Address already in use
Dec 05, 2016 5:56:16 PM org.apache.jk.common.ChannelSocket init
INFO: Port busy 8010 java.net.BindException: Address already in use
Dec 05, 2016 5:56:16 PM org.apache.jk.common.ChannelSocket init
INFO: Port busy 8011 java.net.BindException: Address already in use
Dec 05, 2016 5:56:16 PM org.apache.jk.common.ChannelSocket init
INFO: Port busy 8012 java.net.BindException: Address already in use
Dec 05, 2016 5:56:16 PM org.apache.jk.common.ChannelSocket init
INFO: Port busy 8013 java.net.BindException: Address already in use
Dec 05, 2016 5:56:16 PM org.apache.jk.common.ChannelSocket init
INFO: Port busy 8014 java.net.BindException: Address already in use
Dec 05, 2016 5:56:16 PM org.apache.jk.common.ChannelSocket init
INFO: Port busy 8015 java.net.BindException: Address already in use
Dec 05, 2016 5:56:16 PM org.apache.jk.common.ChannelSocket init
INFO: Port busy 8016 java.net.BindException: Address already in use
Dec 05, 2016 5:56:16 PM org.apache.jk.common.ChannelSocket init
INFO: Port busy 8017 java.net.BindException: Address already in use
Dec 05, 2016 5:56:16 PM org.apache.jk.common.ChannelSocket init
INFO: Port busy 8018 java.net.BindException: Address already in use
Dec 05, 2016 5:56:16 PM org.apache.jk.common.ChannelSocket init
INFO: Port busy 8019 java.net.BindException: Address already in use
Dec 05, 2016 5:56:16 PM org.apache.jk.common.ChannelSocket init
SEVERE: Can't find free port 8009 8019
Dec 05, 2016 5:56:16 PM org.apache.jk.server.JkMain start
INFO: Jk running ID=0 time=0/35  config=null
Dec 05, 2016 5:56:16 PM org.apache.catalina.startup.Catalina start
INFO: Server startup in 914 ms
Dec 05, 2016 5:58:10 PM org.apache.coyote.http11.Http11Protocol pause
INFO: Pausing Coyote HTTP/1.1 on http-21106
Dec 05, 2016 5:58:11 PM org.apache.catalina.core.StandardService stop
INFO: Stopping service Catalina
Dec 05, 2016 5:58:11 PM org.apache.coyote.http11.Http11Protocol destroy
INFO: Stopping Coyote HTTP/1.1 on http-21106
Dec 05, 2016 5:58:11 PM org.apache.jk.common.ChannelSocket destroy
INFO: Error shutting down the channel 8009 java.lang.NullPointerException
Dec 05, 2016 5:58:11 PM org.apache.catalina.core.AprLifecycleListener lifecycleEvent
INFO: Failed shutdown of Apache Portable Runtime
Dec 05, 2016 5:58:13 PM org.apache.catalina.core.AprLifecycleListener lifecycleEvent
INFO: The Apache Tomcat Native library which allows optimal performance in production environments was not found on the java.library.path: /usr/java/packages/lib/amd64:/usr/lib64:/lib64:/lib:/usr/lib
Dec 05, 2016 5:58:13 PM org.apache.coyote.http11.Http11Protocol init
INFO: Initializing Coyote HTTP/1.1 on http-21106
Dec 05, 2016 5:58:13 PM org.apache.catalina.startup.Catalina load
INFO: Initialization processed in 284 ms
Dec 05, 2016 5:58:13 PM org.apache.catalina.core.StandardService start
INFO: Starting service Catalina
Dec 05, 2016 5:58:13 PM org.apache.catalina.core.StandardEngine start
INFO: Starting Servlet Engine: Apache Tomcat/6.0.1
Dec 05, 2016 5:58:13 PM org.apache.catalina.core.StandardHost start
INFO: XML validation disabled
Dec 05, 2016 5:58:13 PM org.apache.coyote.http11.Http11Protocol start
INFO: Starting Coyote HTTP/1.1 on http-21106
Dec 05, 2016 5:58:13 PM org.apache.jk.common.ChannelSocket init
INFO: Port busy 8009 java.net.BindException: Address already in use
Dec 05, 2016 5:58:13 PM org.apache.jk.common.ChannelSocket init
INFO: Port busy 8010 java.net.BindException: Address already in use
Dec 05, 2016 5:58:13 PM org.apache.jk.common.ChannelSocket init
INFO: Port busy 8011 java.net.BindException: Address already in use
Dec 05, 2016 5:58:13 PM org.apache.jk.common.ChannelSocket init
INFO: Port busy 8012 java.net.BindException: Address already in use
Dec 05, 2016 5:58:13 PM org.apache.jk.common.ChannelSocket init
INFO: Port busy 8013 java.net.BindException: Address already in use
Dec 05, 2016 5:58:13 PM org.apache.jk.common.ChannelSocket init
INFO: Port busy 8014 java.net.BindException: Address already in use
Dec 05, 2016 5:58:13 PM org.apache.jk.common.ChannelSocket init
INFO: Port busy 8015 java.net.BindException: Address already in use
Dec 05, 2016 5:58:13 PM org.apache.jk.common.ChannelSocket init
INFO: Port busy 8016 java.net.BindException: Address already in use
Dec 05, 2016 5:58:13 PM org.apache.jk.common.ChannelSocket init
INFO: Port busy 8017 java.net.BindException: Address already in use
Dec 05, 2016 5:58:13 PM org.apache.jk.common.ChannelSocket init
INFO: Port busy 8018 java.net.BindException: Address already in use
Dec 05, 2016 5:58:13 PM org.apache.jk.common.ChannelSocket init
INFO: Port busy 8019 java.net.BindException: Address already in use
Dec 05, 2016 5:58:13 PM org.apache.jk.common.ChannelSocket init
SEVERE: Can't find free port 8009 8019
Dec 05, 2016 5:58:13 PM org.apache.jk.server.JkMain start
INFO: Jk running ID=0 time=0/31  config=null
Dec 05, 2016 5:58:13 PM org.apache.catalina.startup.Catalina start
INFO: Server startup in 706 ms
Dec 05, 2016 6:02:04 PM org.apache.catalina.core.AprLifecycleListener lifecycleEvent
INFO: The Apache Tomcat Native library which allows optimal performance in production environments was not found on the java.library.path: /usr/java/packages/lib/amd64:/usr/lib64:/lib64:/lib:/usr/lib
Dec 05, 2016 6:02:04 PM org.apache.coyote.http11.Http11Protocol init
SEVERE: Error initializing endpoint
java.net.BindException: Address already in use:21106
	at org.apache.tomcat.util.net.JIoEndpoint.init(JIoEndpoint.java:499)
	at org.apache.coyote.http11.Http11Protocol.init(Http11Protocol.java:175)
	at org.apache.catalina.connector.Connector.initialize(Connector.java:1024)
	at org.apache.catalina.core.StandardService.initialize(StandardService.java:581)
	at org.apache.catalina.core.StandardServer.initialize(StandardServer.java:792)
	at org.apache.catalina.startup.Catalina.load(Catalina.java:504)
	at org.apache.catalina.startup.Catalina.load(Catalina.java:524)
	at sun.reflect.NativeMethodAccessorImpl.invoke0(Native Method)
	at sun.reflect.NativeMethodAccessorImpl.invoke(NativeMethodAccessorImpl.java:62)
	at sun.reflect.DelegatingMethodAccessorImpl.invoke(DelegatingMethodAccessorImpl.java:43)
	at java.lang.reflect.Method.invoke(Method.java:498)
	at org.apache.catalina.startup.Bootstrap.load(Bootstrap.java:260)
	at org.apache.catalina.startup.Bootstrap.main(Bootstrap.java:412)

Dec 05, 2016 6:02:04 PM org.apache.catalina.startup.Catalina load
SEVERE: Catalina.start
LifecycleException:  Protocol handler initialization failed: java.net.BindException: Address already in use:21106
	at org.apache.catalina.connector.Connector.initialize(Connector.java:1026)
	at org.apache.catalina.core.StandardService.initialize(StandardService.java:581)
	at org.apache.catalina.core.StandardServer.initialize(StandardServer.java:792)
	at org.apache.catalina.startup.Catalina.load(Catalina.java:504)
	at org.apache.catalina.startup.Catalina.load(Catalina.java:524)
	at sun.reflect.NativeMethodAccessorImpl.invoke0(Native Method)
	at sun.reflect.NativeMethodAccessorImpl.invoke(NativeMethodAccessorImpl.java:62)
	at sun.reflect.DelegatingMethodAccessorImpl.invoke(DelegatingMethodAccessorImpl.java:43)
	at java.lang.reflect.Method.invoke(Method.java:498)
	at org.apache.catalina.startup.Bootstrap.load(Bootstrap.java:260)
	at org.apache.catalina.startup.Bootstrap.main(Bootstrap.java:412)

Dec 05, 2016 6:02:04 PM org.apache.catalina.startup.Catalina load
INFO: Initialization processed in 512 ms
Dec 05, 2016 6:02:04 PM org.apache.catalina.core.StandardService start
INFO: Starting service Catalina
Dec 05, 2016 6:02:04 PM org.apache.catalina.core.StandardEngine start
INFO: Starting Servlet Engine: Apache Tomcat/6.0.1
Dec 05, 2016 6:02:04 PM org.apache.catalina.core.StandardHost start
INFO: XML validation disabled
Dec 05, 2016 6:02:05 PM org.apache.coyote.http11.Http11Protocol start
SEVERE: Error starting endpoint
java.net.BindException: Address already in use:21106
	at org.apache.tomcat.util.net.JIoEndpoint.init(JIoEndpoint.java:499)
	at org.apache.tomcat.util.net.JIoEndpoint.start(JIoEndpoint.java:513)
	at org.apache.coyote.http11.Http11Protocol.start(Http11Protocol.java:202)
	at org.apache.catalina.connector.Connector.start(Connector.java:1097)
	at org.apache.catalina.core.StandardService.start(StandardService.java:460)
	at org.apache.catalina.core.StandardServer.start(StandardServer.java:710)
	at org.apache.catalina.startup.Catalina.start(Catalina.java:552)
	at sun.reflect.NativeMethodAccessorImpl.invoke0(Native Method)
	at sun.reflect.NativeMethodAccessorImpl.invoke(NativeMethodAccessorImpl.java:62)
	at sun.reflect.DelegatingMethodAccessorImpl.invoke(DelegatingMethodAccessorImpl.java:43)
	at java.lang.reflect.Method.invoke(Method.java:498)
	at org.apache.catalina.startup.Bootstrap.start(Bootstrap.java:288)
	at org.apache.catalina.startup.Bootstrap.main(Bootstrap.java:413)

Dec 05, 2016 6:02:05 PM org.apache.catalina.startup.Catalina start
SEVERE: Catalina.start: 
LifecycleException:  service.getName(): "Catalina";  Protocol handler start failed: java.net.BindException: Address already in use:21106
	at org.apache.catalina.connector.Connector.start(Connector.java:1104)
	at org.apache.catalina.core.StandardService.start(StandardService.java:460)
	at org.apache.catalina.core.StandardServer.start(StandardServer.java:710)
	at org.apache.catalina.startup.Catalina.start(Catalina.java:552)
	at sun.reflect.NativeMethodAccessorImpl.invoke0(Native Method)
	at sun.reflect.NativeMethodAccessorImpl.invoke(NativeMethodAccessorImpl.java:62)
	at sun.reflect.DelegatingMethodAccessorImpl.invoke(DelegatingMethodAccessorImpl.java:43)
	at java.lang.reflect.Method.invoke(Method.java:498)
	at org.apache.catalina.startup.Bootstrap.start(Bootstrap.java:288)
	at org.apache.catalina.startup.Bootstrap.main(Bootstrap.java:413)

Dec 05, 2016 6:02:05 PM org.apache.catalina.startup.Catalina start
INFO: Server startup in 1054 ms
Dec 05, 2016 6:02:05 PM org.apache.catalina.core.StandardServer await
SEVERE: StandardServer.await: create[11106]: 
java.net.BindException: Address already in use
	at java.net.PlainSocketImpl.socketBind(Native Method)
	at java.net.AbstractPlainSocketImpl.bind(AbstractPlainSocketImpl.java:387)
	at java.net.ServerSocket.bind(ServerSocket.java:375)
	at java.net.ServerSocket.<init>(ServerSocket.java:237)
	at org.apache.catalina.core.StandardServer.await(StandardServer.java:373)
	at org.apache.catalina.startup.Catalina.await(Catalina.java:616)
	at org.apache.catalina.startup.Catalina.start(Catalina.java:576)
	at sun.reflect.NativeMethodAccessorImpl.invoke0(Native Method)
	at sun.reflect.NativeMethodAccessorImpl.invoke(NativeMethodAccessorImpl.java:62)
	at sun.reflect.DelegatingMethodAccessorImpl.invoke(DelegatingMethodAccessorImpl.java:43)
	at java.lang.reflect.Method.invoke(Method.java:498)
	at org.apache.catalina.startup.Bootstrap.start(Bootstrap.java:288)
	at org.apache.catalina.startup.Bootstrap.main(Bootstrap.java:413)

Dec 05, 2016 6:02:05 PM org.apache.coyote.http11.Http11Protocol pause
INFO: Pausing Coyote HTTP/1.1 on http-21106
Dec 05, 2016 6:02:05 PM org.apache.catalina.connector.Connector pause
SEVERE: Protocol handler pause failed
java.lang.NullPointerException
	at org.apache.jk.server.JkMain.pause(JkMain.java:679)
	at org.apache.jk.server.JkCoyoteHandler.pause(JkCoyoteHandler.java:163)
	at org.apache.catalina.connector.Connector.pause(Connector.java:1039)
	at org.apache.catalina.core.StandardService.stop(StandardService.java:492)
	at org.apache.catalina.core.StandardServer.stop(StandardServer.java:744)
	at org.apache.catalina.startup.Catalina.stop(Catalina.java:602)
	at org.apache.catalina.startup.Catalina$CatalinaShutdownHook.run(Catalina.java:645)

Dec 05, 2016 6:02:06 PM org.apache.catalina.core.StandardService stop
INFO: Stopping service Catalina
Dec 05, 2016 6:02:06 PM org.apache.catalina.connector.MapperListener destroy
WARNING: Error unregistering MBeanServerDelegate
java.lang.NullPointerException
	at org.apache.catalina.connector.MapperListener.destroy(MapperListener.java:162)
	at org.apache.catalina.connector.Connector.stop(Connector.java:1145)
	at org.apache.catalina.core.StandardService.stop(StandardService.java:522)
	at org.apache.catalina.core.StandardServer.stop(StandardServer.java:744)
	at org.apache.catalina.startup.Catalina.stop(Catalina.java:602)
	at org.apache.catalina.startup.Catalina$CatalinaShutdownHook.run(Catalina.java:645)

Dec 05, 2016 6:02:06 PM org.apache.coyote.http11.Http11Protocol destroy
INFO: Stopping Coyote HTTP/1.1 on http-21106
Dec 05, 2016 6:02:06 PM org.apache.catalina.connector.Connector stop
SEVERE: Coyote connector has not been started
Dec 05, 2016 6:02:06 PM org.apache.catalina.core.AprLifecycleListener lifecycleEvent
INFO: Failed shutdown of Apache Portable Runtime
Dec 05, 2016 6:05:48 PM org.apache.coyote.http11.Http11Protocol pause
INFO: Pausing Coyote HTTP/1.1 on http-21106
Dec 05, 2016 6:05:49 PM org.apache.catalina.core.StandardService stop
INFO: Stopping service Catalina
Dec 05, 2016 6:05:49 PM org.apache.coyote.http11.Http11Protocol destroy
INFO: Stopping Coyote HTTP/1.1 on http-21106
Dec 05, 2016 6:05:49 PM org.apache.jk.common.ChannelSocket destroy
INFO: Error shutting down the channel 8009 java.lang.NullPointerException
Dec 05, 2016 6:05:49 PM org.apache.catalina.core.AprLifecycleListener lifecycleEvent
INFO: Failed shutdown of Apache Portable Runtime
Dec 05, 2016 6:05:54 PM org.apache.catalina.core.AprLifecycleListener lifecycleEvent
INFO: The Apache Tomcat Native library which allows optimal performance in production environments was not found on the java.library.path: /usr/java/packages/lib/amd64:/usr/lib64:/lib64:/lib:/usr/lib
Dec 05, 2016 6:05:54 PM org.apache.coyote.http11.Http11Protocol init
INFO: Initializing Coyote HTTP/1.1 on http-21106
Dec 05, 2016 6:05:54 PM org.apache.catalina.startup.Catalina load
INFO: Initialization processed in 378 ms
Dec 05, 2016 6:05:54 PM org.apache.catalina.core.StandardService start
INFO: Starting service Catalina
Dec 05, 2016 6:05:54 PM org.apache.catalina.core.StandardEngine start
INFO: Starting Servlet Engine: Apache Tomcat/6.0.1
Dec 05, 2016 6:05:54 PM org.apache.catalina.core.StandardHost start
INFO: XML validation disabled
Dec 05, 2016 6:05:55 PM org.apache.coyote.http11.Http11Protocol start
INFO: Starting Coyote HTTP/1.1 on http-21106
Dec 05, 2016 6:05:55 PM org.apache.jk.common.ChannelSocket init
INFO: Port busy 8009 java.net.BindException: Address already in use
Dec 05, 2016 6:05:55 PM org.apache.jk.common.ChannelSocket init
INFO: Port busy 8010 java.net.BindException: Address already in use
Dec 05, 2016 6:05:55 PM org.apache.jk.common.ChannelSocket init
INFO: Port busy 8011 java.net.BindException: Address already in use
Dec 05, 2016 6:05:55 PM org.apache.jk.common.ChannelSocket init
INFO: Port busy 8012 java.net.BindException: Address already in use
Dec 05, 2016 6:05:55 PM org.apache.jk.common.ChannelSocket init
INFO: Port busy 8013 java.net.BindException: Address already in use
Dec 05, 2016 6:05:55 PM org.apache.jk.common.ChannelSocket init
INFO: Port busy 8014 java.net.BindException: Address already in use
Dec 05, 2016 6:05:55 PM org.apache.jk.common.ChannelSocket init
INFO: Port busy 8015 java.net.BindException: Address already in use
Dec 05, 2016 6:05:55 PM org.apache.jk.common.ChannelSocket init
INFO: Port busy 8016 java.net.BindException: Address already in use
Dec 05, 2016 6:05:55 PM org.apache.jk.common.ChannelSocket init
INFO: Port busy 8017 java.net.BindException: Address already in use
Dec 05, 2016 6:05:55 PM org.apache.jk.common.ChannelSocket init
INFO: Port busy 8018 java.net.BindException: Address already in use
Dec 05, 2016 6:05:55 PM org.apache.jk.common.ChannelSocket init
INFO: Port busy 8019 java.net.BindException: Address already in use
Dec 05, 2016 6:05:55 PM org.apache.jk.common.ChannelSocket init
SEVERE: Can't find free port 8009 8019
Dec 05, 2016 6:05:55 PM org.apache.jk.server.JkMain start
INFO: Jk running ID=0 time=0/20  config=null
Dec 05, 2016 6:05:55 PM org.apache.catalina.startup.Catalina start
INFO: Server startup in 876 ms
Dec 05, 2016 6:06:26 PM org.apache.coyote.http11.Http11Protocol pause
INFO: Pausing Coyote HTTP/1.1 on http-21106
Dec 05, 2016 6:06:27 PM org.apache.catalina.core.StandardService stop
INFO: Stopping service Catalina
Dec 05, 2016 6:06:27 PM org.apache.coyote.http11.Http11Protocol destroy
INFO: Stopping Coyote HTTP/1.1 on http-21106
Dec 05, 2016 6:06:27 PM org.apache.jk.common.ChannelSocket destroy
INFO: Error shutting down the channel 8009 java.lang.NullPointerException
Dec 05, 2016 6:06:27 PM org.apache.catalina.core.AprLifecycleListener lifecycleEvent
INFO: Failed shutdown of Apache Portable Runtime
Dec 05, 2016 6:08:18 PM org.apache.catalina.core.AprLifecycleListener lifecycleEvent
INFO: The Apache Tomcat Native library which allows optimal performance in production environments was not found on the java.library.path: /usr/java/packages/lib/amd64:/usr/lib64:/lib64:/lib:/usr/lib
Dec 05, 2016 6:08:18 PM org.apache.coyote.http11.Http11Protocol init
INFO: Initializing Coyote HTTP/1.1 on http-21106
Dec 05, 2016 6:08:18 PM org.apache.catalina.startup.Catalina load
INFO: Initialization processed in 317 ms
Dec 05, 2016 6:08:18 PM org.apache.catalina.core.StandardService start
INFO: Starting service Catalina
Dec 05, 2016 6:08:18 PM org.apache.catalina.core.StandardEngine start
INFO: Starting Servlet Engine: Apache Tomcat/6.0.1
Dec 05, 2016 6:08:18 PM org.apache.catalina.core.StandardHost start
INFO: XML validation disabled
Dec 05, 2016 6:08:19 PM org.apache.coyote.http11.Http11Protocol start
INFO: Starting Coyote HTTP/1.1 on http-21106
Dec 05, 2016 6:08:19 PM org.apache.jk.common.ChannelSocket init
INFO: Port busy 8009 java.net.BindException: Address already in use
Dec 05, 2016 6:08:19 PM org.apache.jk.common.ChannelSocket init
INFO: Port busy 8010 java.net.BindException: Address already in use
Dec 05, 2016 6:08:19 PM org.apache.jk.common.ChannelSocket init
INFO: Port busy 8011 java.net.BindException: Address already in use
Dec 05, 2016 6:08:19 PM org.apache.jk.common.ChannelSocket init
INFO: Port busy 8012 java.net.BindException: Address already in use
Dec 05, 2016 6:08:19 PM org.apache.jk.common.ChannelSocket init
INFO: Port busy 8013 java.net.BindException: Address already in use
Dec 05, 2016 6:08:19 PM org.apache.jk.common.ChannelSocket init
INFO: Port busy 8014 java.net.BindException: Address already in use
Dec 05, 2016 6:08:19 PM org.apache.jk.common.ChannelSocket init
INFO: Port busy 8015 java.net.BindException: Address already in use
Dec 05, 2016 6:08:19 PM org.apache.jk.common.ChannelSocket init
INFO: Port busy 8016 java.net.BindException: Address already in use
Dec 05, 2016 6:08:19 PM org.apache.jk.common.ChannelSocket init
INFO: Port busy 8017 java.net.BindException: Address already in use
Dec 05, 2016 6:08:19 PM org.apache.jk.common.ChannelSocket init
INFO: Port busy 8018 java.net.BindException: Address already in use
Dec 05, 2016 6:08:19 PM org.apache.jk.common.ChannelSocket init
INFO: Port busy 8019 java.net.BindException: Address already in use
Dec 05, 2016 6:08:19 PM org.apache.jk.common.ChannelSocket init
SEVERE: Can't find free port 8009 8019
Dec 05, 2016 6:08:19 PM org.apache.jk.server.JkMain start
INFO: Jk running ID=0 time=0/88  config=null
Dec 05, 2016 6:08:19 PM org.apache.catalina.startup.Catalina start
INFO: Server startup in 873 ms
Dec 05, 2016 10:48:16 PM org.apache.catalina.core.AprLifecycleListener lifecycleEvent
INFO: The Apache Tomcat Native library which allows optimal performance in production environments was not found on the java.library.path: /usr/java/packages/lib/amd64:/usr/lib64:/lib64:/lib:/usr/lib
Dec 05, 2016 10:48:16 PM org.apache.coyote.http11.Http11Protocol init
INFO: Initializing Coyote HTTP/1.1 on http-21106
Dec 05, 2016 10:48:16 PM org.apache.catalina.startup.Catalina load
INFO: Initialization processed in 315 ms
Dec 05, 2016 10:48:16 PM org.apache.catalina.core.StandardService start
INFO: Starting service Catalina
Dec 05, 2016 10:48:16 PM org.apache.catalina.core.StandardEngine start
INFO: Starting Servlet Engine: Apache Tomcat/6.0.1
Dec 05, 2016 10:48:16 PM org.apache.catalina.core.StandardHost start
INFO: XML validation disabled
Dec 05, 2016 10:48:17 PM org.apache.coyote.http11.Http11Protocol start
INFO: Starting Coyote HTTP/1.1 on http-21106
Dec 05, 2016 10:48:17 PM org.apache.jk.common.ChannelSocket init
INFO: Port busy 8009 java.net.BindException: Address already in use
Dec 05, 2016 10:48:17 PM org.apache.jk.common.ChannelSocket init
INFO: Port busy 8010 java.net.BindException: Address already in use
Dec 05, 2016 10:48:17 PM org.apache.jk.common.ChannelSocket init
INFO: Port busy 8011 java.net.BindException: Address already in use
Dec 05, 2016 10:48:17 PM org.apache.jk.common.ChannelSocket init
INFO: Port busy 8012 java.net.BindException: Address already in use
Dec 05, 2016 10:48:17 PM org.apache.jk.common.ChannelSocket init
INFO: Port busy 8013 java.net.BindException: Address already in use
Dec 05, 2016 10:48:17 PM org.apache.jk.common.ChannelSocket init
INFO: Port busy 8014 java.net.BindException: Address already in use
Dec 05, 2016 10:48:17 PM org.apache.jk.common.ChannelSocket init
INFO: Port busy 8015 java.net.BindException: Address already in use
Dec 05, 2016 10:48:17 PM org.apache.jk.common.ChannelSocket init
INFO: Port busy 8016 java.net.BindException: Address already in use
Dec 05, 2016 10:48:17 PM org.apache.jk.common.ChannelSocket init
INFO: Port busy 8017 java.net.BindException: Address already in use
Dec 05, 2016 10:48:17 PM org.apache.jk.common.ChannelSocket init
INFO: Port busy 8018 java.net.BindException: Address already in use
Dec 05, 2016 10:48:17 PM org.apache.jk.common.ChannelSocket init
INFO: Port busy 8019 java.net.BindException: Address already in use
Dec 05, 2016 10:48:17 PM org.apache.jk.common.ChannelSocket init
SEVERE: Can't find free port 8009 8019
Dec 05, 2016 10:48:17 PM org.apache.jk.server.JkMain start
INFO: Jk running ID=0 time=0/34  config=null
Dec 05, 2016 10:48:17 PM org.apache.catalina.startup.Catalina start
INFO: Server startup in 987 ms
Dec 05, 2016 11:13:52 PM org.apache.coyote.http11.Http11Protocol pause
INFO: Pausing Coyote HTTP/1.1 on http-21106
Dec 05, 2016 11:13:53 PM org.apache.catalina.core.StandardService stop
INFO: Stopping service Catalina
Dec 05, 2016 11:13:53 PM org.apache.coyote.http11.Http11Protocol destroy
INFO: Stopping Coyote HTTP/1.1 on http-21106
Dec 05, 2016 11:13:53 PM org.apache.jk.common.ChannelSocket destroy
INFO: Error shutting down the channel 8009 java.lang.NullPointerException
Dec 05, 2016 11:13:53 PM org.apache.catalina.core.AprLifecycleListener lifecycleEvent
INFO: Failed shutdown of Apache Portable Runtime
Dec 05, 2016 11:14:08 PM org.apache.catalina.core.AprLifecycleListener lifecycleEvent
INFO: The Apache Tomcat Native library which allows optimal performance in production environments was not found on the java.library.path: /usr/java/packages/lib/amd64:/usr/lib64:/lib64:/lib:/usr/lib
Dec 05, 2016 11:14:08 PM org.apache.coyote.http11.Http11Protocol init
INFO: Initializing Coyote HTTP/1.1 on http-21106
Dec 05, 2016 11:14:08 PM org.apache.catalina.startup.Catalina load
INFO: Initialization processed in 373 ms
Dec 05, 2016 11:14:08 PM org.apache.catalina.core.StandardService start
INFO: Starting service Catalina
Dec 05, 2016 11:14:08 PM org.apache.catalina.core.StandardEngine start
INFO: Starting Servlet Engine: Apache Tomcat/6.0.1
Dec 05, 2016 11:14:08 PM org.apache.catalina.core.StandardHost start
INFO: XML validation disabled
Dec 05, 2016 11:14:09 PM org.apache.coyote.http11.Http11Protocol start
INFO: Starting Coyote HTTP/1.1 on http-21106
Dec 05, 2016 11:14:09 PM org.apache.jk.common.ChannelSocket init
INFO: Port busy 8009 java.net.BindException: Address already in use
Dec 05, 2016 11:14:09 PM org.apache.jk.common.ChannelSocket init
INFO: Port busy 8010 java.net.BindException: Address already in use
Dec 05, 2016 11:14:09 PM org.apache.jk.common.ChannelSocket init
INFO: Port busy 8011 java.net.BindException: Address already in use
Dec 05, 2016 11:14:09 PM org.apache.jk.common.ChannelSocket init
INFO: Port busy 8012 java.net.BindException: Address already in use
Dec 05, 2016 11:14:09 PM org.apache.jk.common.ChannelSocket init
INFO: Port busy 8013 java.net.BindException: Address already in use
Dec 05, 2016 11:14:09 PM org.apache.jk.common.ChannelSocket init
INFO: Port busy 8014 java.net.BindException: Address already in use
Dec 05, 2016 11:14:09 PM org.apache.jk.common.ChannelSocket init
INFO: Port busy 8015 java.net.BindException: Address already in use
Dec 05, 2016 11:14:09 PM org.apache.jk.common.ChannelSocket init
INFO: Port busy 8016 java.net.BindException: Address already in use
Dec 05, 2016 11:14:09 PM org.apache.jk.common.ChannelSocket init
INFO: Port busy 8017 java.net.BindException: Address already in use
Dec 05, 2016 11:14:09 PM org.apache.jk.common.ChannelSocket init
INFO: Port busy 8018 java.net.BindException: Address already in use
Dec 05, 2016 11:14:09 PM org.apache.jk.common.ChannelSocket init
INFO: Port busy 8019 java.net.BindException: Address already in use
Dec 05, 2016 11:14:09 PM org.apache.jk.common.ChannelSocket init
SEVERE: Can't find free port 8009 8019
Dec 05, 2016 11:14:09 PM org.apache.jk.server.JkMain start
INFO: Jk running ID=0 time=1/21  config=null
Dec 05, 2016 11:14:09 PM org.apache.catalina.startup.Catalina start
INFO: Server startup in 682 ms
Dec 06, 2016 3:29:24 AM org.apache.catalina.core.AprLifecycleListener lifecycleEvent
INFO: The Apache Tomcat Native library which allows optimal performance in production environments was not found on the java.library.path: /usr/java/packages/lib/amd64:/usr/lib64:/lib64:/lib:/usr/lib
Dec 06, 2016 3:29:24 AM org.apache.coyote.http11.Http11Protocol init
SEVERE: Error initializing endpoint
java.net.BindException: Address already in use:21106
	at org.apache.tomcat.util.net.JIoEndpoint.init(JIoEndpoint.java:499)
	at org.apache.coyote.http11.Http11Protocol.init(Http11Protocol.java:175)
	at org.apache.catalina.connector.Connector.initialize(Connector.java:1024)
	at org.apache.catalina.core.StandardService.initialize(StandardService.java:581)
	at org.apache.catalina.core.StandardServer.initialize(StandardServer.java:792)
	at org.apache.catalina.startup.Catalina.load(Catalina.java:504)
	at org.apache.catalina.startup.Catalina.load(Catalina.java:524)
	at sun.reflect.NativeMethodAccessorImpl.invoke0(Native Method)
	at sun.reflect.NativeMethodAccessorImpl.invoke(NativeMethodAccessorImpl.java:62)
	at sun.reflect.DelegatingMethodAccessorImpl.invoke(DelegatingMethodAccessorImpl.java:43)
	at java.lang.reflect.Method.invoke(Method.java:498)
	at org.apache.catalina.startup.Bootstrap.load(Bootstrap.java:260)
	at org.apache.catalina.startup.Bootstrap.main(Bootstrap.java:412)

Dec 06, 2016 3:29:24 AM org.apache.catalina.startup.Catalina load
SEVERE: Catalina.start
LifecycleException:  Protocol handler initialization failed: java.net.BindException: Address already in use:21106
	at org.apache.catalina.connector.Connector.initialize(Connector.java:1026)
	at org.apache.catalina.core.StandardService.initialize(StandardService.java:581)
	at org.apache.catalina.core.StandardServer.initialize(StandardServer.java:792)
	at org.apache.catalina.startup.Catalina.load(Catalina.java:504)
	at org.apache.catalina.startup.Catalina.load(Catalina.java:524)
	at sun.reflect.NativeMethodAccessorImpl.invoke0(Native Method)
	at sun.reflect.NativeMethodAccessorImpl.invoke(NativeMethodAccessorImpl.java:62)
	at sun.reflect.DelegatingMethodAccessorImpl.invoke(DelegatingMethodAccessorImpl.java:43)
	at java.lang.reflect.Method.invoke(Method.java:498)
	at org.apache.catalina.startup.Bootstrap.load(Bootstrap.java:260)
	at org.apache.catalina.startup.Bootstrap.main(Bootstrap.java:412)

Dec 06, 2016 3:29:24 AM org.apache.catalina.startup.Catalina load
INFO: Initialization processed in 320 ms
Dec 06, 2016 3:29:24 AM org.apache.catalina.core.StandardService start
INFO: Starting service Catalina
Dec 06, 2016 3:29:24 AM org.apache.catalina.core.StandardEngine start
INFO: Starting Servlet Engine: Apache Tomcat/6.0.1
Dec 06, 2016 3:29:24 AM org.apache.catalina.core.StandardHost start
INFO: XML validation disabled
Dec 06, 2016 3:29:25 AM org.apache.coyote.http11.Http11Protocol start
SEVERE: Error starting endpoint
java.net.BindException: Address already in use:21106
	at org.apache.tomcat.util.net.JIoEndpoint.init(JIoEndpoint.java:499)
	at org.apache.tomcat.util.net.JIoEndpoint.start(JIoEndpoint.java:513)
	at org.apache.coyote.http11.Http11Protocol.start(Http11Protocol.java:202)
	at org.apache.catalina.connector.Connector.start(Connector.java:1097)
	at org.apache.catalina.core.StandardService.start(StandardService.java:460)
	at org.apache.catalina.core.StandardServer.start(StandardServer.java:710)
	at org.apache.catalina.startup.Catalina.start(Catalina.java:552)
	at sun.reflect.NativeMethodAccessorImpl.invoke0(Native Method)
	at sun.reflect.NativeMethodAccessorImpl.invoke(NativeMethodAccessorImpl.java:62)
	at sun.reflect.DelegatingMethodAccessorImpl.invoke(DelegatingMethodAccessorImpl.java:43)
	at java.lang.reflect.Method.invoke(Method.java:498)
	at org.apache.catalina.startup.Bootstrap.start(Bootstrap.java:288)
	at org.apache.catalina.startup.Bootstrap.main(Bootstrap.java:413)

Dec 06, 2016 3:29:25 AM org.apache.catalina.startup.Catalina start
SEVERE: Catalina.start: 
LifecycleException:  service.getName(): "Catalina";  Protocol handler start failed: java.net.BindException: Address already in use:21106
	at org.apache.catalina.connector.Connector.start(Connector.java:1104)
	at org.apache.catalina.core.StandardService.start(StandardService.java:460)
	at org.apache.catalina.core.StandardServer.start(StandardServer.java:710)
	at org.apache.catalina.startup.Catalina.start(Catalina.java:552)
	at sun.reflect.NativeMethodAccessorImpl.invoke0(Native Method)
	at sun.reflect.NativeMethodAccessorImpl.invoke(NativeMethodAccessorImpl.java:62)
	at sun.reflect.DelegatingMethodAccessorImpl.invoke(DelegatingMethodAccessorImpl.java:43)
	at java.lang.reflect.Method.invoke(Method.java:498)
	at org.apache.catalina.startup.Bootstrap.start(Bootstrap.java:288)
	at org.apache.catalina.startup.Bootstrap.main(Bootstrap.java:413)

Dec 06, 2016 3:29:25 AM org.apache.catalina.startup.Catalina start
INFO: Server startup in 612 ms
Dec 06, 2016 3:29:25 AM org.apache.catalina.core.StandardServer await
SEVERE: StandardServer.await: create[11106]: 
java.net.BindException: Address already in use
	at java.net.PlainSocketImpl.socketBind(Native Method)
	at java.net.AbstractPlainSocketImpl.bind(AbstractPlainSocketImpl.java:387)
	at java.net.ServerSocket.bind(ServerSocket.java:375)
	at java.net.ServerSocket.<init>(ServerSocket.java:237)
	at org.apache.catalina.core.StandardServer.await(StandardServer.java:373)
	at org.apache.catalina.startup.Catalina.await(Catalina.java:616)
	at org.apache.catalina.startup.Catalina.start(Catalina.java:576)
	at sun.reflect.NativeMethodAccessorImpl.invoke0(Native Method)
	at sun.reflect.NativeMethodAccessorImpl.invoke(NativeMethodAccessorImpl.java:62)
	at sun.reflect.DelegatingMethodAccessorImpl.invoke(DelegatingMethodAccessorImpl.java:43)
	at java.lang.reflect.Method.invoke(Method.java:498)
	at org.apache.catalina.startup.Bootstrap.start(Bootstrap.java:288)
	at org.apache.catalina.startup.Bootstrap.main(Bootstrap.java:413)

Dec 06, 2016 3:29:25 AM org.apache.coyote.http11.Http11Protocol pause
INFO: Pausing Coyote HTTP/1.1 on http-21106
Dec 06, 2016 3:29:25 AM org.apache.catalina.connector.Connector pause
SEVERE: Protocol handler pause failed
java.lang.NullPointerException
	at org.apache.jk.server.JkMain.pause(JkMain.java:679)
	at org.apache.jk.server.JkCoyoteHandler.pause(JkCoyoteHandler.java:163)
	at org.apache.catalina.connector.Connector.pause(Connector.java:1039)
	at org.apache.catalina.core.StandardService.stop(StandardService.java:492)
	at org.apache.catalina.core.StandardServer.stop(StandardServer.java:744)
	at org.apache.catalina.startup.Catalina.stop(Catalina.java:602)
	at org.apache.catalina.startup.Catalina$CatalinaShutdownHook.run(Catalina.java:645)

Dec 06, 2016 3:29:26 AM org.apache.catalina.core.StandardService stop
INFO: Stopping service Catalina
Dec 06, 2016 3:29:26 AM org.apache.catalina.connector.MapperListener destroy
WARNING: Error unregistering MBeanServerDelegate
java.lang.NullPointerException
	at org.apache.catalina.connector.MapperListener.destroy(MapperListener.java:162)
	at org.apache.catalina.connector.Connector.stop(Connector.java:1145)
	at org.apache.catalina.core.StandardService.stop(StandardService.java:522)
	at org.apache.catalina.core.StandardServer.stop(StandardServer.java:744)
	at org.apache.catalina.startup.Catalina.stop(Catalina.java:602)
	at org.apache.catalina.startup.Catalina$CatalinaShutdownHook.run(Catalina.java:645)

Dec 06, 2016 3:29:26 AM org.apache.coyote.http11.Http11Protocol destroy
INFO: Stopping Coyote HTTP/1.1 on http-21106
Dec 06, 2016 3:29:26 AM org.apache.catalina.connector.Connector stop
SEVERE: Coyote connector has not been started
Dec 06, 2016 3:29:26 AM org.apache.catalina.core.AprLifecycleListener lifecycleEvent
INFO: Failed shutdown of Apache Portable Runtime
Dec 06, 2016 3:29:38 AM org.apache.coyote.http11.Http11Protocol pause
INFO: Pausing Coyote HTTP/1.1 on http-21106
Dec 06, 2016 3:29:39 AM org.apache.catalina.core.StandardService stop
INFO: Stopping service Catalina
Dec 06, 2016 3:29:39 AM org.apache.coyote.http11.Http11Protocol destroy
INFO: Stopping Coyote HTTP/1.1 on http-21106
Dec 06, 2016 3:29:39 AM org.apache.jk.common.ChannelSocket destroy
INFO: Error shutting down the channel 8009 java.lang.NullPointerException
Dec 06, 2016 3:29:39 AM org.apache.catalina.core.AprLifecycleListener lifecycleEvent
INFO: Failed shutdown of Apache Portable Runtime
Dec 06, 2016 3:29:43 AM org.apache.catalina.core.AprLifecycleListener lifecycleEvent
INFO: The Apache Tomcat Native library which allows optimal performance in production environments was not found on the java.library.path: /usr/java/packages/lib/amd64:/usr/lib64:/lib64:/lib:/usr/lib
Dec 06, 2016 3:29:43 AM org.apache.coyote.http11.Http11Protocol init
INFO: Initializing Coyote HTTP/1.1 on http-21106
Dec 06, 2016 3:29:43 AM org.apache.catalina.startup.Catalina load
INFO: Initialization processed in 308 ms
Dec 06, 2016 3:29:43 AM org.apache.catalina.core.StandardService start
INFO: Starting service Catalina
Dec 06, 2016 3:29:43 AM org.apache.catalina.core.StandardEngine start
INFO: Starting Servlet Engine: Apache Tomcat/6.0.1
Dec 06, 2016 3:29:43 AM org.apache.catalina.core.StandardHost start
INFO: XML validation disabled
Dec 06, 2016 3:29:43 AM org.apache.coyote.http11.Http11Protocol start
INFO: Starting Coyote HTTP/1.1 on http-21106
Dec 06, 2016 3:29:43 AM org.apache.jk.common.ChannelSocket init
INFO: Port busy 8009 java.net.BindException: Address already in use
Dec 06, 2016 3:29:43 AM org.apache.jk.common.ChannelSocket init
INFO: Port busy 8010 java.net.BindException: Address already in use
Dec 06, 2016 3:29:43 AM org.apache.jk.common.ChannelSocket init
INFO: Port busy 8011 java.net.BindException: Address already in use
Dec 06, 2016 3:29:43 AM org.apache.jk.common.ChannelSocket init
INFO: Port busy 8012 java.net.BindException: Address already in use
Dec 06, 2016 3:29:43 AM org.apache.jk.common.ChannelSocket init
INFO: Port busy 8013 java.net.BindException: Address already in use
Dec 06, 2016 3:29:43 AM org.apache.jk.common.ChannelSocket init
INFO: Port busy 8014 java.net.BindException: Address already in use
Dec 06, 2016 3:29:43 AM org.apache.jk.common.ChannelSocket init
INFO: Port busy 8015 java.net.BindException: Address already in use
Dec 06, 2016 3:29:43 AM org.apache.jk.common.ChannelSocket init
INFO: Port busy 8016 java.net.BindException: Address already in use
Dec 06, 2016 3:29:43 AM org.apache.jk.common.ChannelSocket init
INFO: Port busy 8017 java.net.BindException: Address already in use
Dec 06, 2016 3:29:43 AM org.apache.jk.common.ChannelSocket init
INFO: Port busy 8018 java.net.BindException: Address already in use
Dec 06, 2016 3:29:43 AM org.apache.jk.common.ChannelSocket init
INFO: Port busy 8019 java.net.BindException: Address already in use
Dec 06, 2016 3:29:43 AM org.apache.jk.common.ChannelSocket init
SEVERE: Can't find free port 8009 8019
Dec 06, 2016 3:29:43 AM org.apache.jk.server.JkMain start
INFO: Jk running ID=0 time=0/27  config=null
Dec 06, 2016 3:29:43 AM org.apache.catalina.startup.Catalina start
INFO: Server startup in 639 ms
Dec 06, 2016 3:29:52 AM org.apache.coyote.http11.Http11Protocol pause
INFO: Pausing Coyote HTTP/1.1 on http-21106
Dec 06, 2016 3:29:53 AM org.apache.catalina.core.StandardService stop
INFO: Stopping service Catalina
Dec 06, 2016 3:29:53 AM org.apache.coyote.http11.Http11Protocol destroy
INFO: Stopping Coyote HTTP/1.1 on http-21106
Dec 06, 2016 3:29:53 AM org.apache.jk.common.ChannelSocket destroy
INFO: Error shutting down the channel 8009 java.lang.NullPointerException
Dec 06, 2016 3:29:53 AM org.apache.catalina.core.AprLifecycleListener lifecycleEvent
INFO: Failed shutdown of Apache Portable Runtime
Dec 06, 2016 3:30:56 AM org.apache.catalina.core.AprLifecycleListener lifecycleEvent
INFO: The Apache Tomcat Native library which allows optimal performance in production environments was not found on the java.library.path: /usr/java/packages/lib/amd64:/usr/lib64:/lib64:/lib:/usr/lib
Dec 06, 2016 3:30:56 AM org.apache.coyote.http11.Http11Protocol init
INFO: Initializing Coyote HTTP/1.1 on http-21106
Dec 06, 2016 3:30:56 AM org.apache.catalina.startup.Catalina load
INFO: Initialization processed in 333 ms
Dec 06, 2016 3:30:56 AM org.apache.catalina.core.StandardService start
INFO: Starting service Catalina
Dec 06, 2016 3:30:56 AM org.apache.catalina.core.StandardEngine start
INFO: Starting Servlet Engine: Apache Tomcat/6.0.1
Dec 06, 2016 3:30:56 AM org.apache.catalina.core.StandardHost start
INFO: XML validation disabled
Dec 06, 2016 3:30:57 AM org.apache.coyote.http11.Http11Protocol start
INFO: Starting Coyote HTTP/1.1 on http-21106
Dec 06, 2016 3:30:57 AM org.apache.jk.common.ChannelSocket init
INFO: Port busy 8009 java.net.BindException: Address already in use
Dec 06, 2016 3:30:57 AM org.apache.jk.common.ChannelSocket init
INFO: Port busy 8010 java.net.BindException: Address already in use
Dec 06, 2016 3:30:57 AM org.apache.jk.common.ChannelSocket init
INFO: Port busy 8011 java.net.BindException: Address already in use
Dec 06, 2016 3:30:57 AM org.apache.jk.common.ChannelSocket init
INFO: Port busy 8012 java.net.BindException: Address already in use
Dec 06, 2016 3:30:57 AM org.apache.jk.common.ChannelSocket init
INFO: Port busy 8013 java.net.BindException: Address already in use
Dec 06, 2016 3:30:57 AM org.apache.jk.common.ChannelSocket init
INFO: Port busy 8014 java.net.BindException: Address already in use
Dec 06, 2016 3:30:57 AM org.apache.jk.common.ChannelSocket init
INFO: Port busy 8015 java.net.BindException: Address already in use
Dec 06, 2016 3:30:57 AM org.apache.jk.common.ChannelSocket init
INFO: Port busy 8016 java.net.BindException: Address already in use
Dec 06, 2016 3:30:57 AM org.apache.jk.common.ChannelSocket init
INFO: Port busy 8017 java.net.BindException: Address already in use
Dec 06, 2016 3:30:57 AM org.apache.jk.common.ChannelSocket init
INFO: Port busy 8018 java.net.BindException: Address already in use
Dec 06, 2016 3:30:57 AM org.apache.jk.common.ChannelSocket init
INFO: Port busy 8019 java.net.BindException: Address already in use
Dec 06, 2016 3:30:57 AM org.apache.jk.common.ChannelSocket init
SEVERE: Can't find free port 8009 8019
Dec 06, 2016 3:30:57 AM org.apache.jk.server.JkMain start
INFO: Jk running ID=0 time=0/36  config=null
Dec 06, 2016 3:30:57 AM org.apache.catalina.startup.Catalina start
INFO: Server startup in 946 ms
Dec 06, 2016 3:45:54 AM org.apache.coyote.http11.Http11Protocol pause
INFO: Pausing Coyote HTTP/1.1 on http-21106
Dec 06, 2016 3:45:55 AM org.apache.catalina.core.StandardService stop
INFO: Stopping service Catalina
Dec 06, 2016 3:45:55 AM org.apache.coyote.http11.Http11Protocol destroy
INFO: Stopping Coyote HTTP/1.1 on http-21106
Dec 06, 2016 3:45:55 AM org.apache.jk.common.ChannelSocket destroy
INFO: Error shutting down the channel 8009 java.lang.NullPointerException
Dec 06, 2016 3:45:55 AM org.apache.catalina.core.AprLifecycleListener lifecycleEvent
INFO: Failed shutdown of Apache Portable Runtime
