Dec 06, 2016 3:29:24 AM org.apache.catalina.core.AprLifecycleListener lifecycleEvent
INFO: The Apache Tomcat Native library which allows optimal performance in production environments was not found on the java.library.path: /usr/java/packages/lib/amd64:/usr/lib64:/lib64:/lib:/usr/lib
Dec 06, 2016 3:29:24 AM org.apache.coyote.http11.Http11Protocol init
SEVERE: Error initializing endpoint
java.net.BindException: Address already in use:21106
	at org.apache.tomcat.util.net.JIoEndpoint.init(JIoEndpoint.java:499)
	at org.apache.coyote.http11.Http11Protocol.init(Http11Protocol.java:175)
	at org.apache.catalina.connector.Connector.initialize(Connector.java:1024)
	at org.apache.catalina.core.StandardService.initialize(StandardService.java:581)
	at org.apache.catalina.core.StandardServer.initialize(StandardServer.java:792)
	at org.apache.catalina.startup.Catalina.load(Catalina.java:504)
	at org.apache.catalina.startup.Catalina.load(Catalina.java:524)
	at sun.reflect.NativeMethodAccessorImpl.invoke0(Native Method)
	at sun.reflect.NativeMethodAccessorImpl.invoke(NativeMethodAccessorImpl.java:62)
	at sun.reflect.DelegatingMethodAccessorImpl.invoke(DelegatingMethodAccessorImpl.java:43)
	at java.lang.reflect.Method.invoke(Method.java:498)
	at org.apache.catalina.startup.Bootstrap.load(Bootstrap.java:260)
	at org.apache.catalina.startup.Bootstrap.main(Bootstrap.java:412)

Dec 06, 2016 3:29:24 AM org.apache.catalina.startup.Catalina load
SEVERE: Catalina.start
LifecycleException:  Protocol handler initialization failed: java.net.BindException: Address already in use:21106
	at org.apache.catalina.connector.Connector.initialize(Connector.java:1026)
	at org.apache.catalina.core.StandardService.initialize(StandardService.java:581)
	at org.apache.catalina.core.StandardServer.initialize(StandardServer.java:792)
	at org.apache.catalina.startup.Catalina.load(Catalina.java:504)
	at org.apache.catalina.startup.Catalina.load(Catalina.java:524)
	at sun.reflect.NativeMethodAccessorImpl.invoke0(Native Method)
	at sun.reflect.NativeMethodAccessorImpl.invoke(NativeMethodAccessorImpl.java:62)
	at sun.reflect.DelegatingMethodAccessorImpl.invoke(DelegatingMethodAccessorImpl.java:43)
	at java.lang.reflect.Method.invoke(Method.java:498)
	at org.apache.catalina.startup.Bootstrap.load(Bootstrap.java:260)
	at org.apache.catalina.startup.Bootstrap.main(Bootstrap.java:412)

Dec 06, 2016 3:29:24 AM org.apache.catalina.startup.Catalina load
INFO: Initialization processed in 320 ms
Dec 06, 2016 3:29:24 AM org.apache.catalina.core.StandardService start
INFO: Starting service Catalina
Dec 06, 2016 3:29:24 AM org.apache.catalina.core.StandardEngine start
INFO: Starting Servlet Engine: Apache Tomcat/6.0.1
Dec 06, 2016 3:29:24 AM org.apache.catalina.core.StandardHost start
INFO: XML validation disabled
Dec 06, 2016 3:29:25 AM org.apache.coyote.http11.Http11Protocol start
SEVERE: Error starting endpoint
java.net.BindException: Address already in use:21106
	at org.apache.tomcat.util.net.JIoEndpoint.init(JIoEndpoint.java:499)
	at org.apache.tomcat.util.net.JIoEndpoint.start(JIoEndpoint.java:513)
	at org.apache.coyote.http11.Http11Protocol.start(Http11Protocol.java:202)
	at org.apache.catalina.connector.Connector.start(Connector.java:1097)
	at org.apache.catalina.core.StandardService.start(StandardService.java:460)
	at org.apache.catalina.core.StandardServer.start(StandardServer.java:710)
	at org.apache.catalina.startup.Catalina.start(Catalina.java:552)
	at sun.reflect.NativeMethodAccessorImpl.invoke0(Native Method)
	at sun.reflect.NativeMethodAccessorImpl.invoke(NativeMethodAccessorImpl.java:62)
	at sun.reflect.DelegatingMethodAccessorImpl.invoke(DelegatingMethodAccessorImpl.java:43)
	at java.lang.reflect.Method.invoke(Method.java:498)
	at org.apache.catalina.startup.Bootstrap.start(Bootstrap.java:288)
	at org.apache.catalina.startup.Bootstrap.main(Bootstrap.java:413)

Dec 06, 2016 3:29:25 AM org.apache.catalina.startup.Catalina start
SEVERE: Catalina.start: 
LifecycleException:  service.getName(): "Catalina";  Protocol handler start failed: java.net.BindException: Address already in use:21106
	at org.apache.catalina.connector.Connector.start(Connector.java:1104)
	at org.apache.catalina.core.StandardService.start(StandardService.java:460)
	at org.apache.catalina.core.StandardServer.start(StandardServer.java:710)
	at org.apache.catalina.startup.Catalina.start(Catalina.java:552)
	at sun.reflect.NativeMethodAccessorImpl.invoke0(Native Method)
	at sun.reflect.NativeMethodAccessorImpl.invoke(NativeMethodAccessorImpl.java:62)
	at sun.reflect.DelegatingMethodAccessorImpl.invoke(DelegatingMethodAccessorImpl.java:43)
	at java.lang.reflect.Method.invoke(Method.java:498)
	at org.apache.catalina.startup.Bootstrap.start(Bootstrap.java:288)
	at org.apache.catalina.startup.Bootstrap.main(Bootstrap.java:413)

Dec 06, 2016 3:29:25 AM org.apache.catalina.startup.Catalina start
INFO: Server startup in 612 ms
Dec 06, 2016 3:29:25 AM org.apache.catalina.core.StandardServer await
SEVERE: StandardServer.await: create[11106]: 
java.net.BindException: Address already in use
	at java.net.PlainSocketImpl.socketBind(Native Method)
	at java.net.AbstractPlainSocketImpl.bind(AbstractPlainSocketImpl.java:387)
	at java.net.ServerSocket.bind(ServerSocket.java:375)
	at java.net.ServerSocket.<init>(ServerSocket.java:237)
	at org.apache.catalina.core.StandardServer.await(StandardServer.java:373)
	at org.apache.catalina.startup.Catalina.await(Catalina.java:616)
	at org.apache.catalina.startup.Catalina.start(Catalina.java:576)
	at sun.reflect.NativeMethodAccessorImpl.invoke0(Native Method)
	at sun.reflect.NativeMethodAccessorImpl.invoke(NativeMethodAccessorImpl.java:62)
	at sun.reflect.DelegatingMethodAccessorImpl.invoke(DelegatingMethodAccessorImpl.java:43)
	at java.lang.reflect.Method.invoke(Method.java:498)
	at org.apache.catalina.startup.Bootstrap.start(Bootstrap.java:288)
	at org.apache.catalina.startup.Bootstrap.main(Bootstrap.java:413)

Dec 06, 2016 3:29:25 AM org.apache.coyote.http11.Http11Protocol pause
INFO: Pausing Coyote HTTP/1.1 on http-21106
Dec 06, 2016 3:29:25 AM org.apache.catalina.connector.Connector pause
SEVERE: Protocol handler pause failed
java.lang.NullPointerException
	at org.apache.jk.server.JkMain.pause(JkMain.java:679)
	at org.apache.jk.server.JkCoyoteHandler.pause(JkCoyoteHandler.java:163)
	at org.apache.catalina.connector.Connector.pause(Connector.java:1039)
	at org.apache.catalina.core.StandardService.stop(StandardService.java:492)
	at org.apache.catalina.core.StandardServer.stop(StandardServer.java:744)
	at org.apache.catalina.startup.Catalina.stop(Catalina.java:602)
	at org.apache.catalina.startup.Catalina$CatalinaShutdownHook.run(Catalina.java:645)

Dec 06, 2016 3:29:26 AM org.apache.catalina.core.StandardService stop
INFO: Stopping service Catalina
Dec 06, 2016 3:29:26 AM org.apache.catalina.connector.MapperListener destroy
WARNING: Error unregistering MBeanServerDelegate
java.lang.NullPointerException
	at org.apache.catalina.connector.MapperListener.destroy(MapperListener.java:162)
	at org.apache.catalina.connector.Connector.stop(Connector.java:1145)
	at org.apache.catalina.core.StandardService.stop(StandardService.java:522)
	at org.apache.catalina.core.StandardServer.stop(StandardServer.java:744)
	at org.apache.catalina.startup.Catalina.stop(Catalina.java:602)
	at org.apache.catalina.startup.Catalina$CatalinaShutdownHook.run(Catalina.java:645)

Dec 06, 2016 3:29:26 AM org.apache.coyote.http11.Http11Protocol destroy
INFO: Stopping Coyote HTTP/1.1 on http-21106
Dec 06, 2016 3:29:26 AM org.apache.catalina.connector.Connector stop
SEVERE: Coyote connector has not been started
Dec 06, 2016 3:29:26 AM org.apache.catalina.core.AprLifecycleListener lifecycleEvent
INFO: Failed shutdown of Apache Portable Runtime
Dec 06, 2016 3:29:38 AM org.apache.coyote.http11.Http11Protocol pause
INFO: Pausing Coyote HTTP/1.1 on http-21106
Dec 06, 2016 3:29:39 AM org.apache.catalina.core.StandardService stop
INFO: Stopping service Catalina
Dec 06, 2016 3:29:39 AM org.apache.coyote.http11.Http11Protocol destroy
INFO: Stopping Coyote HTTP/1.1 on http-21106
Dec 06, 2016 3:29:39 AM org.apache.jk.common.ChannelSocket destroy
INFO: Error shutting down the channel 8009 java.lang.NullPointerException
Dec 06, 2016 3:29:39 AM org.apache.catalina.core.AprLifecycleListener lifecycleEvent
INFO: Failed shutdown of Apache Portable Runtime
Dec 06, 2016 3:29:39 AM org.apache.catalina.startup.Catalina stopServer
SEVERE: Catalina.stop: 
java.net.ConnectException: Connection refused
	at java.net.PlainSocketImpl.socketConnect(Native Method)
	at java.net.AbstractPlainSocketImpl.doConnect(AbstractPlainSocketImpl.java:350)
	at java.net.AbstractPlainSocketImpl.connectToAddress(AbstractPlainSocketImpl.java:206)
	at java.net.AbstractPlainSocketImpl.connect(AbstractPlainSocketImpl.java:188)
	at java.net.SocksSocketImpl.connect(SocksSocketImpl.java:392)
	at java.net.Socket.connect(Socket.java:589)
	at java.net.Socket.connect(Socket.java:538)
	at java.net.Socket.<init>(Socket.java:434)
	at java.net.Socket.<init>(Socket.java:211)
	at org.apache.catalina.startup.Catalina.stopServer(Catalina.java:395)
	at sun.reflect.NativeMethodAccessorImpl.invoke0(Native Method)
	at sun.reflect.NativeMethodAccessorImpl.invoke(NativeMethodAccessorImpl.java:62)
	at sun.reflect.DelegatingMethodAccessorImpl.invoke(DelegatingMethodAccessorImpl.java:43)
	at java.lang.reflect.Method.invoke(Method.java:498)
	at org.apache.catalina.startup.Bootstrap.stopServer(Bootstrap.java:337)
	at org.apache.catalina.startup.Bootstrap.main(Bootstrap.java:415)

Dec 06, 2016 3:29:43 AM org.apache.catalina.core.AprLifecycleListener lifecycleEvent
INFO: The Apache Tomcat Native library which allows optimal performance in production environments was not found on the java.library.path: /usr/java/packages/lib/amd64:/usr/lib64:/lib64:/lib:/usr/lib
Dec 06, 2016 3:29:43 AM org.apache.coyote.http11.Http11Protocol init
INFO: Initializing Coyote HTTP/1.1 on http-21106
Dec 06, 2016 3:29:43 AM org.apache.catalina.startup.Catalina load
INFO: Initialization processed in 308 ms
Dec 06, 2016 3:29:43 AM org.apache.catalina.core.StandardService start
INFO: Starting service Catalina
Dec 06, 2016 3:29:43 AM org.apache.catalina.core.StandardEngine start
INFO: Starting Servlet Engine: Apache Tomcat/6.0.1
Dec 06, 2016 3:29:43 AM org.apache.catalina.core.StandardHost start
INFO: XML validation disabled
Dec 06, 2016 3:29:43 AM org.apache.coyote.http11.Http11Protocol start
INFO: Starting Coyote HTTP/1.1 on http-21106
Dec 06, 2016 3:29:43 AM org.apache.jk.common.ChannelSocket init
INFO: Port busy 8009 java.net.BindException: Address already in use
Dec 06, 2016 3:29:43 AM org.apache.jk.common.ChannelSocket init
INFO: Port busy 8010 java.net.BindException: Address already in use
Dec 06, 2016 3:29:43 AM org.apache.jk.common.ChannelSocket init
INFO: Port busy 8011 java.net.BindException: Address already in use
Dec 06, 2016 3:29:43 AM org.apache.jk.common.ChannelSocket init
INFO: Port busy 8012 java.net.BindException: Address already in use
Dec 06, 2016 3:29:43 AM org.apache.jk.common.ChannelSocket init
INFO: Port busy 8013 java.net.BindException: Address already in use
Dec 06, 2016 3:29:43 AM org.apache.jk.common.ChannelSocket init
INFO: Port busy 8014 java.net.BindException: Address already in use
Dec 06, 2016 3:29:43 AM org.apache.jk.common.ChannelSocket init
INFO: Port busy 8015 java.net.BindException: Address already in use
Dec 06, 2016 3:29:43 AM org.apache.jk.common.ChannelSocket init
INFO: Port busy 8016 java.net.BindException: Address already in use
Dec 06, 2016 3:29:43 AM org.apache.jk.common.ChannelSocket init
INFO: Port busy 8017 java.net.BindException: Address already in use
Dec 06, 2016 3:29:43 AM org.apache.jk.common.ChannelSocket init
INFO: Port busy 8018 java.net.BindException: Address already in use
Dec 06, 2016 3:29:43 AM org.apache.jk.common.ChannelSocket init
INFO: Port busy 8019 java.net.BindException: Address already in use
Dec 06, 2016 3:29:43 AM org.apache.jk.common.ChannelSocket init
SEVERE: Can't find free port 8009 8019
Dec 06, 2016 3:29:43 AM org.apache.jk.server.JkMain start
INFO: Jk running ID=0 time=0/27  config=null
Dec 06, 2016 3:29:43 AM org.apache.catalina.startup.Catalina start
INFO: Server startup in 639 ms
Dec 06, 2016 3:29:52 AM org.apache.coyote.http11.Http11Protocol pause
INFO: Pausing Coyote HTTP/1.1 on http-21106
Dec 06, 2016 3:29:53 AM org.apache.catalina.core.StandardService stop
INFO: Stopping service Catalina
Dec 06, 2016 3:29:53 AM org.apache.coyote.http11.Http11Protocol destroy
INFO: Stopping Coyote HTTP/1.1 on http-21106
Dec 06, 2016 3:29:53 AM org.apache.jk.common.ChannelSocket destroy
INFO: Error shutting down the channel 8009 java.lang.NullPointerException
Dec 06, 2016 3:29:53 AM org.apache.catalina.core.AprLifecycleListener lifecycleEvent
INFO: Failed shutdown of Apache Portable Runtime
Dec 06, 2016 3:30:56 AM org.apache.catalina.core.AprLifecycleListener lifecycleEvent
INFO: The Apache Tomcat Native library which allows optimal performance in production environments was not found on the java.library.path: /usr/java/packages/lib/amd64:/usr/lib64:/lib64:/lib:/usr/lib
Dec 06, 2016 3:30:56 AM org.apache.coyote.http11.Http11Protocol init
INFO: Initializing Coyote HTTP/1.1 on http-21106
Dec 06, 2016 3:30:56 AM org.apache.catalina.startup.Catalina load
INFO: Initialization processed in 333 ms
Dec 06, 2016 3:30:56 AM org.apache.catalina.core.StandardService start
INFO: Starting service Catalina
Dec 06, 2016 3:30:56 AM org.apache.catalina.core.StandardEngine start
INFO: Starting Servlet Engine: Apache Tomcat/6.0.1
Dec 06, 2016 3:30:56 AM org.apache.catalina.core.StandardHost start
INFO: XML validation disabled
Dec 06, 2016 3:30:57 AM org.apache.coyote.http11.Http11Protocol start
INFO: Starting Coyote HTTP/1.1 on http-21106
Dec 06, 2016 3:30:57 AM org.apache.jk.common.ChannelSocket init
INFO: Port busy 8009 java.net.BindException: Address already in use
Dec 06, 2016 3:30:57 AM org.apache.jk.common.ChannelSocket init
INFO: Port busy 8010 java.net.BindException: Address already in use
Dec 06, 2016 3:30:57 AM org.apache.jk.common.ChannelSocket init
INFO: Port busy 8011 java.net.BindException: Address already in use
Dec 06, 2016 3:30:57 AM org.apache.jk.common.ChannelSocket init
INFO: Port busy 8012 java.net.BindException: Address already in use
Dec 06, 2016 3:30:57 AM org.apache.jk.common.ChannelSocket init
INFO: Port busy 8013 java.net.BindException: Address already in use
Dec 06, 2016 3:30:57 AM org.apache.jk.common.ChannelSocket init
INFO: Port busy 8014 java.net.BindException: Address already in use
Dec 06, 2016 3:30:57 AM org.apache.jk.common.ChannelSocket init
INFO: Port busy 8015 java.net.BindException: Address already in use
Dec 06, 2016 3:30:57 AM org.apache.jk.common.ChannelSocket init
INFO: Port busy 8016 java.net.BindException: Address already in use
Dec 06, 2016 3:30:57 AM org.apache.jk.common.ChannelSocket init
INFO: Port busy 8017 java.net.BindException: Address already in use
Dec 06, 2016 3:30:57 AM org.apache.jk.common.ChannelSocket init
INFO: Port busy 8018 java.net.BindException: Address already in use
Dec 06, 2016 3:30:57 AM org.apache.jk.common.ChannelSocket init
INFO: Port busy 8019 java.net.BindException: Address already in use
Dec 06, 2016 3:30:57 AM org.apache.jk.common.ChannelSocket init
SEVERE: Can't find free port 8009 8019
Dec 06, 2016 3:30:57 AM org.apache.jk.server.JkMain start
INFO: Jk running ID=0 time=0/36  config=null
Dec 06, 2016 3:30:57 AM org.apache.catalina.startup.Catalina start
INFO: Server startup in 946 ms
Dec 06, 2016 3:45:54 AM org.apache.coyote.http11.Http11Protocol pause
INFO: Pausing Coyote HTTP/1.1 on http-21106
Dec 06, 2016 3:45:55 AM org.apache.catalina.core.StandardService stop
INFO: Stopping service Catalina
Dec 06, 2016 3:45:55 AM org.apache.coyote.http11.Http11Protocol destroy
INFO: Stopping Coyote HTTP/1.1 on http-21106
Dec 06, 2016 3:45:55 AM org.apache.jk.common.ChannelSocket destroy
INFO: Error shutting down the channel 8009 java.lang.NullPointerException
Dec 06, 2016 3:45:55 AM org.apache.catalina.core.AprLifecycleListener lifecycleEvent
INFO: Failed shutdown of Apache Portable Runtime
Dec 06, 2016 3:48:15 AM org.apache.catalina.core.AprLifecycleListener lifecycleEvent
INFO: The Apache Tomcat Native library which allows optimal performance in production environments was not found on the java.library.path: /usr/java/packages/lib/amd64:/usr/lib64:/lib64:/lib:/usr/lib
Dec 06, 2016 3:48:15 AM org.apache.coyote.http11.Http11Protocol init
INFO: Initializing Coyote HTTP/1.1 on http-21106
Dec 06, 2016 3:48:15 AM org.apache.catalina.startup.Catalina load
INFO: Initialization processed in 314 ms
Dec 06, 2016 3:48:15 AM org.apache.catalina.core.StandardService start
INFO: Starting service Catalina
Dec 06, 2016 3:48:15 AM org.apache.catalina.core.StandardEngine start
INFO: Starting Servlet Engine: Apache Tomcat/6.0.1
Dec 06, 2016 3:48:15 AM org.apache.catalina.core.StandardHost start
INFO: XML validation disabled
Dec 06, 2016 3:48:16 AM org.apache.coyote.http11.Http11Protocol start
INFO: Starting Coyote HTTP/1.1 on http-21106
Dec 06, 2016 3:48:16 AM org.apache.jk.common.ChannelSocket init
INFO: Port busy 8009 java.net.BindException: Address already in use
Dec 06, 2016 3:48:16 AM org.apache.jk.common.ChannelSocket init
INFO: Port busy 8010 java.net.BindException: Address already in use
Dec 06, 2016 3:48:16 AM org.apache.jk.common.ChannelSocket init
INFO: Port busy 8011 java.net.BindException: Address already in use
Dec 06, 2016 3:48:16 AM org.apache.jk.common.ChannelSocket init
INFO: Port busy 8012 java.net.BindException: Address already in use
Dec 06, 2016 3:48:16 AM org.apache.jk.common.ChannelSocket init
INFO: Port busy 8013 java.net.BindException: Address already in use
Dec 06, 2016 3:48:16 AM org.apache.jk.common.ChannelSocket init
INFO: Port busy 8014 java.net.BindException: Address already in use
Dec 06, 2016 3:48:16 AM org.apache.jk.common.ChannelSocket init
INFO: Port busy 8015 java.net.BindException: Address already in use
Dec 06, 2016 3:48:16 AM org.apache.jk.common.ChannelSocket init
INFO: Port busy 8016 java.net.BindException: Address already in use
Dec 06, 2016 3:48:16 AM org.apache.jk.common.ChannelSocket init
INFO: Port busy 8017 java.net.BindException: Address already in use
Dec 06, 2016 3:48:16 AM org.apache.jk.common.ChannelSocket init
INFO: Port busy 8018 java.net.BindException: Address already in use
Dec 06, 2016 3:48:16 AM org.apache.jk.common.ChannelSocket init
INFO: Port busy 8019 java.net.BindException: Address already in use
Dec 06, 2016 3:48:16 AM org.apache.jk.common.ChannelSocket init
SEVERE: Can't find free port 8009 8019
Dec 06, 2016 3:48:16 AM org.apache.jk.server.JkMain start
INFO: Jk running ID=0 time=0/36  config=null
Dec 06, 2016 3:48:16 AM org.apache.catalina.startup.Catalina start
INFO: Server startup in 973 ms
