Dec 05, 2016 11:20:29 AM org.apache.catalina.core.ApplicationContext log
INFO: ContextListener: contextInitialized()
Dec 05, 2016 11:20:29 AM org.apache.catalina.core.ApplicationContext log
INFO: SessionListener: contextInitialized()
Dec 05, 2016 11:20:54 AM org.apache.catalina.core.ApplicationContext log
INFO: SessionListener: contextDestroyed()
Dec 05, 2016 11:20:54 AM org.apache.catalina.core.ApplicationContext log
INFO: ContextListener: contextDestroyed()
Dec 05, 2016 11:21:52 AM org.apache.catalina.core.ApplicationContext log
INFO: ContextListener: contextInitialized()
Dec 05, 2016 11:21:52 AM org.apache.catalina.core.ApplicationContext log
INFO: SessionListener: contextInitialized()
Dec 05, 2016 11:22:15 AM org.apache.catalina.core.ApplicationContext log
INFO: SessionListener: contextDestroyed()
Dec 05, 2016 11:22:15 AM org.apache.catalina.core.ApplicationContext log
INFO: ContextListener: contextDestroyed()
Dec 05, 2016 11:22:30 AM org.apache.catalina.core.ApplicationContext log
INFO: ContextListener: contextInitialized()
Dec 05, 2016 11:22:30 AM org.apache.catalina.core.ApplicationContext log
INFO: SessionListener: contextInitialized()
Dec 05, 2016 11:22:37 AM org.apache.catalina.core.ApplicationContext log
INFO: SessionListener: contextDestroyed()
Dec 05, 2016 11:22:37 AM org.apache.catalina.core.ApplicationContext log
INFO: ContextListener: contextDestroyed()
Dec 05, 2016 5:56:15 PM org.apache.catalina.core.ApplicationContext log
INFO: ContextListener: contextInitialized()
Dec 05, 2016 5:56:15 PM org.apache.catalina.core.ApplicationContext log
INFO: SessionListener: contextInitialized()
Dec 05, 2016 5:58:11 PM org.apache.catalina.core.ApplicationContext log
INFO: SessionListener: contextDestroyed()
Dec 05, 2016 5:58:11 PM org.apache.catalina.core.ApplicationContext log
INFO: ContextListener: contextDestroyed()
Dec 05, 2016 5:58:13 PM org.apache.catalina.core.ApplicationContext log
INFO: ContextListener: contextInitialized()
Dec 05, 2016 5:58:13 PM org.apache.catalina.core.ApplicationContext log
INFO: SessionListener: contextInitialized()
Dec 05, 2016 6:02:05 PM org.apache.catalina.core.ApplicationContext log
INFO: ContextListener: contextInitialized()
Dec 05, 2016 6:02:05 PM org.apache.catalina.core.ApplicationContext log
INFO: SessionListener: contextInitialized()
Dec 05, 2016 6:02:06 PM org.apache.catalina.core.ApplicationContext log
INFO: SessionListener: contextDestroyed()
Dec 05, 2016 6:02:06 PM org.apache.catalina.core.ApplicationContext log
INFO: ContextListener: contextDestroyed()
Dec 05, 2016 6:05:49 PM org.apache.catalina.core.ApplicationContext log
INFO: SessionListener: contextDestroyed()
Dec 05, 2016 6:05:49 PM org.apache.catalina.core.ApplicationContext log
INFO: ContextListener: contextDestroyed()
Dec 05, 2016 6:05:55 PM org.apache.catalina.core.ApplicationContext log
INFO: ContextListener: contextInitialized()
Dec 05, 2016 6:05:55 PM org.apache.catalina.core.ApplicationContext log
INFO: SessionListener: contextInitialized()
Dec 05, 2016 6:06:27 PM org.apache.catalina.core.ApplicationContext log
INFO: SessionListener: contextDestroyed()
Dec 05, 2016 6:06:27 PM org.apache.catalina.core.ApplicationContext log
INFO: ContextListener: contextDestroyed()
Dec 05, 2016 6:08:18 PM org.apache.catalina.core.ApplicationContext log
INFO: ContextListener: contextInitialized()
Dec 05, 2016 6:08:18 PM org.apache.catalina.core.ApplicationContext log
INFO: SessionListener: contextInitialized()
Dec 05, 2016 7:58:37 PM org.apache.catalina.core.StandardWrapperValve invoke
SEVERE: Servlet.service() for servlet jsp threw exception
org.apache.jasper.JasperException: Unable to compile class for JSP

An error occurred at line: 28 in the jsp file: /querypages/query1.jsp
Generated servlet error:
name cannot be resolved


	at org.apache.jasper.compiler.DefaultErrorHandler.javacError(DefaultErrorHandler.java:85)
	at org.apache.jasper.compiler.ErrorDispatcher.javacError(ErrorDispatcher.java:329)
	at org.apache.jasper.compiler.JDTCompiler.generateClass(JDTCompiler.java:415)
	at org.apache.jasper.compiler.Compiler.compile(Compiler.java:308)
	at org.apache.jasper.compiler.Compiler.compile(Compiler.java:286)
	at org.apache.jasper.compiler.Compiler.compile(Compiler.java:273)
	at org.apache.jasper.JspCompilationContext.compile(JspCompilationContext.java:566)
	at org.apache.jasper.servlet.JspServletWrapper.service(JspServletWrapper.java:314)
	at org.apache.jasper.servlet.JspServlet.serviceJspFile(JspServlet.java:320)
	at org.apache.jasper.servlet.JspServlet.service(JspServlet.java:266)
	at javax.servlet.http.HttpServlet.service(HttpServlet.java:803)
	at org.apache.catalina.core.ApplicationFilterChain.internalDoFilter(ApplicationFilterChain.java:290)
	at org.apache.catalina.core.ApplicationFilterChain.doFilter(ApplicationFilterChain.java:206)
	at org.apache.catalina.core.StandardWrapperValve.invoke(StandardWrapperValve.java:228)
	at org.apache.catalina.core.StandardContextValve.invoke(StandardContextValve.java:175)
	at org.apache.catalina.core.StandardHostValve.invoke(StandardHostValve.java:128)
	at org.apache.catalina.valves.ErrorReportValve.invoke(ErrorReportValve.java:105)
	at org.apache.catalina.core.StandardEngineValve.invoke(StandardEngineValve.java:109)
	at org.apache.catalina.connector.CoyoteAdapter.service(CoyoteAdapter.java:212)
	at org.apache.coyote.http11.Http11Processor.process(Http11Processor.java:818)
	at org.apache.coyote.http11.Http11Protocol$Http11ConnectionHandler.process(Http11Protocol.java:624)
	at org.apache.tomcat.util.net.JIoEndpoint$Worker.run(JIoEndpoint.java:445)
	at java.lang.Thread.run(Thread.java:745)

Dec 05, 2016 8:13:49 PM org.apache.catalina.core.StandardWrapperValve invoke
SEVERE: Servlet.service() for servlet jsp threw exception
org.apache.jasper.JasperException: Unable to compile class for JSP

An error occurred at line: 28 in the jsp file: /querypages/query1.jsp
Generated servlet error:
name cannot be resolved


	at org.apache.jasper.compiler.DefaultErrorHandler.javacError(DefaultErrorHandler.java:85)
	at org.apache.jasper.compiler.ErrorDispatcher.javacError(ErrorDispatcher.java:329)
	at org.apache.jasper.compiler.JDTCompiler.generateClass(JDTCompiler.java:415)
	at org.apache.jasper.compiler.Compiler.compile(Compiler.java:308)
	at org.apache.jasper.compiler.Compiler.compile(Compiler.java:286)
	at org.apache.jasper.compiler.Compiler.compile(Compiler.java:273)
	at org.apache.jasper.JspCompilationContext.compile(JspCompilationContext.java:566)
	at org.apache.jasper.servlet.JspServletWrapper.service(JspServletWrapper.java:314)
	at org.apache.jasper.servlet.JspServlet.serviceJspFile(JspServlet.java:320)
	at org.apache.jasper.servlet.JspServlet.service(JspServlet.java:266)
	at javax.servlet.http.HttpServlet.service(HttpServlet.java:803)
	at org.apache.catalina.core.ApplicationFilterChain.internalDoFilter(ApplicationFilterChain.java:290)
	at org.apache.catalina.core.ApplicationFilterChain.doFilter(ApplicationFilterChain.java:206)
	at org.apache.catalina.core.StandardWrapperValve.invoke(StandardWrapperValve.java:228)
	at org.apache.catalina.core.StandardContextValve.invoke(StandardContextValve.java:175)
	at org.apache.catalina.core.StandardHostValve.invoke(StandardHostValve.java:128)
	at org.apache.catalina.valves.ErrorReportValve.invoke(ErrorReportValve.java:105)
	at org.apache.catalina.core.StandardEngineValve.invoke(StandardEngineValve.java:109)
	at org.apache.catalina.connector.CoyoteAdapter.service(CoyoteAdapter.java:212)
	at org.apache.coyote.http11.Http11Processor.process(Http11Processor.java:818)
	at org.apache.coyote.http11.Http11Protocol$Http11ConnectionHandler.process(Http11Protocol.java:624)
	at org.apache.tomcat.util.net.JIoEndpoint$Worker.run(JIoEndpoint.java:445)
	at java.lang.Thread.run(Thread.java:745)

Dec 05, 2016 10:48:16 PM org.apache.catalina.core.ApplicationContext log
INFO: ContextListener: contextInitialized()
Dec 05, 2016 10:48:16 PM org.apache.catalina.core.ApplicationContext log
INFO: SessionListener: contextInitialized()
Dec 05, 2016 11:05:08 PM org.apache.catalina.core.StandardWrapperValve invoke
SEVERE: Servlet.service() for servlet jsp threw exception
org.apache.jasper.JasperException: Unable to compile class for JSP

An error occurred at line: 14 in the jsp file: /register.jsp
Generated servlet error:
String literal is not properly closed by a double-quote


	at org.apache.jasper.compiler.DefaultErrorHandler.javacError(DefaultErrorHandler.java:85)
	at org.apache.jasper.compiler.ErrorDispatcher.javacError(ErrorDispatcher.java:329)
	at org.apache.jasper.compiler.JDTCompiler.generateClass(JDTCompiler.java:415)
	at org.apache.jasper.compiler.Compiler.compile(Compiler.java:308)
	at org.apache.jasper.compiler.Compiler.compile(Compiler.java:286)
	at org.apache.jasper.compiler.Compiler.compile(Compiler.java:273)
	at org.apache.jasper.JspCompilationContext.compile(JspCompilationContext.java:566)
	at org.apache.jasper.servlet.JspServletWrapper.service(JspServletWrapper.java:314)
	at org.apache.jasper.servlet.JspServlet.serviceJspFile(JspServlet.java:320)
	at org.apache.jasper.servlet.JspServlet.service(JspServlet.java:266)
	at javax.servlet.http.HttpServlet.service(HttpServlet.java:803)
	at org.apache.catalina.core.ApplicationFilterChain.internalDoFilter(ApplicationFilterChain.java:290)
	at org.apache.catalina.core.ApplicationFilterChain.doFilter(ApplicationFilterChain.java:206)
	at org.apache.catalina.core.StandardWrapperValve.invoke(StandardWrapperValve.java:228)
	at org.apache.catalina.core.StandardContextValve.invoke(StandardContextValve.java:175)
	at org.apache.catalina.core.StandardHostValve.invoke(StandardHostValve.java:128)
	at org.apache.catalina.valves.ErrorReportValve.invoke(ErrorReportValve.java:105)
	at org.apache.catalina.core.StandardEngineValve.invoke(StandardEngineValve.java:109)
	at org.apache.catalina.connector.CoyoteAdapter.service(CoyoteAdapter.java:212)
	at org.apache.coyote.http11.Http11Processor.process(Http11Processor.java:818)
	at org.apache.coyote.http11.Http11Protocol$Http11ConnectionHandler.process(Http11Protocol.java:624)
	at org.apache.tomcat.util.net.JIoEndpoint$Worker.run(JIoEndpoint.java:445)
	at java.lang.Thread.run(Thread.java:745)

Dec 05, 2016 11:06:49 PM org.apache.catalina.core.StandardWrapperValve invoke
SEVERE: Servlet.service() for servlet jsp threw exception
org.apache.jasper.JasperException: Unable to compile class for JSP

An error occurred at line: 14 in the jsp file: /register.jsp
Generated servlet error:
String literal is not properly closed by a double-quote


	at org.apache.jasper.compiler.DefaultErrorHandler.javacError(DefaultErrorHandler.java:85)
	at org.apache.jasper.compiler.ErrorDispatcher.javacError(ErrorDispatcher.java:329)
	at org.apache.jasper.compiler.JDTCompiler.generateClass(JDTCompiler.java:415)
	at org.apache.jasper.compiler.Compiler.compile(Compiler.java:308)
	at org.apache.jasper.compiler.Compiler.compile(Compiler.java:286)
	at org.apache.jasper.compiler.Compiler.compile(Compiler.java:273)
	at org.apache.jasper.JspCompilationContext.compile(JspCompilationContext.java:566)
	at org.apache.jasper.servlet.JspServletWrapper.service(JspServletWrapper.java:314)
	at org.apache.jasper.servlet.JspServlet.serviceJspFile(JspServlet.java:320)
	at org.apache.jasper.servlet.JspServlet.service(JspServlet.java:266)
	at javax.servlet.http.HttpServlet.service(HttpServlet.java:803)
	at org.apache.catalina.core.ApplicationFilterChain.internalDoFilter(ApplicationFilterChain.java:290)
	at org.apache.catalina.core.ApplicationFilterChain.doFilter(ApplicationFilterChain.java:206)
	at org.apache.catalina.core.StandardWrapperValve.invoke(StandardWrapperValve.java:228)
	at org.apache.catalina.core.StandardContextValve.invoke(StandardContextValve.java:175)
	at org.apache.catalina.core.StandardHostValve.invoke(StandardHostValve.java:128)
	at org.apache.catalina.valves.ErrorReportValve.invoke(ErrorReportValve.java:105)
	at org.apache.catalina.core.StandardEngineValve.invoke(StandardEngineValve.java:109)
	at org.apache.catalina.connector.CoyoteAdapter.service(CoyoteAdapter.java:212)
	at org.apache.coyote.http11.Http11Processor.process(Http11Processor.java:818)
	at org.apache.coyote.http11.Http11Protocol$Http11ConnectionHandler.process(Http11Protocol.java:624)
	at org.apache.tomcat.util.net.JIoEndpoint$Worker.run(JIoEndpoint.java:445)
	at java.lang.Thread.run(Thread.java:745)

Dec 05, 2016 11:07:58 PM org.apache.catalina.core.StandardWrapperValve invoke
SEVERE: Servlet.service() for servlet jsp threw exception
org.apache.jasper.JasperException: Unable to compile class for JSP

An error occurred at line: 14 in the jsp file: /register.jsp
Generated servlet error:
String literal is not properly closed by a double-quote


	at org.apache.jasper.compiler.DefaultErrorHandler.javacError(DefaultErrorHandler.java:85)
	at org.apache.jasper.compiler.ErrorDispatcher.javacError(ErrorDispatcher.java:329)
	at org.apache.jasper.compiler.JDTCompiler.generateClass(JDTCompiler.java:415)
	at org.apache.jasper.compiler.Compiler.compile(Compiler.java:308)
	at org.apache.jasper.compiler.Compiler.compile(Compiler.java:286)
	at org.apache.jasper.compiler.Compiler.compile(Compiler.java:273)
	at org.apache.jasper.JspCompilationContext.compile(JspCompilationContext.java:566)
	at org.apache.jasper.servlet.JspServletWrapper.service(JspServletWrapper.java:314)
	at org.apache.jasper.servlet.JspServlet.serviceJspFile(JspServlet.java:320)
	at org.apache.jasper.servlet.JspServlet.service(JspServlet.java:266)
	at javax.servlet.http.HttpServlet.service(HttpServlet.java:803)
	at org.apache.catalina.core.ApplicationFilterChain.internalDoFilter(ApplicationFilterChain.java:290)
	at org.apache.catalina.core.ApplicationFilterChain.doFilter(ApplicationFilterChain.java:206)
	at org.apache.catalina.core.StandardWrapperValve.invoke(StandardWrapperValve.java:228)
	at org.apache.catalina.core.StandardContextValve.invoke(StandardContextValve.java:175)
	at org.apache.catalina.core.StandardHostValve.invoke(StandardHostValve.java:128)
	at org.apache.catalina.valves.ErrorReportValve.invoke(ErrorReportValve.java:105)
	at org.apache.catalina.core.StandardEngineValve.invoke(StandardEngineValve.java:109)
	at org.apache.catalina.connector.CoyoteAdapter.service(CoyoteAdapter.java:212)
	at org.apache.coyote.http11.Http11Processor.process(Http11Processor.java:818)
	at org.apache.coyote.http11.Http11Protocol$Http11ConnectionHandler.process(Http11Protocol.java:624)
	at org.apache.tomcat.util.net.JIoEndpoint$Worker.run(JIoEndpoint.java:445)
	at java.lang.Thread.run(Thread.java:745)

Dec 05, 2016 11:09:37 PM org.apache.catalina.core.StandardWrapperValve invoke
SEVERE: Servlet.service() for servlet jsp threw exception
java.sql.SQLException: ORA-01031: insufficient privileges

	at oracle.jdbc.driver.DatabaseError.throwSqlException(DatabaseError.java:112)
	at oracle.jdbc.driver.T4CTTIoer.processError(T4CTTIoer.java:331)
	at oracle.jdbc.driver.T4CTTIoer.processError(T4CTTIoer.java:288)
	at oracle.jdbc.driver.T4C8Oall.receive(T4C8Oall.java:743)
	at oracle.jdbc.driver.T4CStatement.doOall8(T4CStatement.java:207)
	at oracle.jdbc.driver.T4CStatement.executeForRows(T4CStatement.java:946)
	at oracle.jdbc.driver.OracleStatement.doExecuteWithTimeout(OracleStatement.java:1168)
	at oracle.jdbc.driver.OracleStatement.executeQuery(OracleStatement.java:1272)
	at org.apache.jsp.register_jsp._jspService(register_jsp.java:101)
	at org.apache.jasper.runtime.HttpJspBase.service(HttpJspBase.java:98)
	at javax.servlet.http.HttpServlet.service(HttpServlet.java:803)
	at org.apache.jasper.servlet.JspServletWrapper.service(JspServletWrapper.java:390)
	at org.apache.jasper.servlet.JspServlet.serviceJspFile(JspServlet.java:320)
	at org.apache.jasper.servlet.JspServlet.service(JspServlet.java:266)
	at javax.servlet.http.HttpServlet.service(HttpServlet.java:803)
	at org.apache.catalina.core.ApplicationFilterChain.internalDoFilter(ApplicationFilterChain.java:290)
	at org.apache.catalina.core.ApplicationFilterChain.doFilter(ApplicationFilterChain.java:206)
	at org.apache.catalina.core.StandardWrapperValve.invoke(StandardWrapperValve.java:228)
	at org.apache.catalina.core.StandardContextValve.invoke(StandardContextValve.java:175)
	at org.apache.catalina.core.StandardHostValve.invoke(StandardHostValve.java:128)
	at org.apache.catalina.valves.ErrorReportValve.invoke(ErrorReportValve.java:105)
	at org.apache.catalina.core.StandardEngineValve.invoke(StandardEngineValve.java:109)
	at org.apache.catalina.connector.CoyoteAdapter.service(CoyoteAdapter.java:212)
	at org.apache.coyote.http11.Http11Processor.process(Http11Processor.java:818)
	at org.apache.coyote.http11.Http11Protocol$Http11ConnectionHandler.process(Http11Protocol.java:624)
	at org.apache.tomcat.util.net.JIoEndpoint$Worker.run(JIoEndpoint.java:445)
	at java.lang.Thread.run(Thread.java:745)

Dec 05, 2016 11:13:53 PM org.apache.catalina.core.ApplicationContext log
INFO: SessionListener: contextDestroyed()
Dec 05, 2016 11:13:53 PM org.apache.catalina.core.ApplicationContext log
INFO: ContextListener: contextDestroyed()
Dec 05, 2016 11:14:09 PM org.apache.catalina.core.ApplicationContext log
INFO: ContextListener: contextInitialized()
Dec 05, 2016 11:14:09 PM org.apache.catalina.core.ApplicationContext log
INFO: SessionListener: contextInitialized()
Dec 05, 2016 11:23:31 PM org.apache.catalina.core.StandardWrapperValve invoke
SEVERE: Servlet.service() for servlet jsp threw exception
org.apache.jasper.JasperException: Unable to compile class for JSP

An error occurred at line: 11 in the jsp file: /querypages/supplies.jsp
Generated servlet error:
Connection cannot be resolved to a type

An error occurred at line: 11 in the jsp file: /querypages/supplies.jsp
Generated servlet error:
Statement cannot be resolved to a type

An error occurred at line: 11 in the jsp file: /querypages/supplies.jsp
Generated servlet error:
DriverManager cannot be resolved

An error occurred at line: 11 in the jsp file: /querypages/supplies.jsp
Generated servlet error:
ResultSet cannot be resolved to a type

An error occurred at line: 11 in the jsp file: /querypages/supplies.jsp
Generated servlet error:
firstName cannot be resolved

An error occurred at line: 11 in the jsp file: /querypages/supplies.jsp
Generated servlet error:
lastName cannot be resolved


	at org.apache.jasper.compiler.DefaultErrorHandler.javacError(DefaultErrorHandler.java:85)
	at org.apache.jasper.compiler.ErrorDispatcher.javacError(ErrorDispatcher.java:329)
	at org.apache.jasper.compiler.JDTCompiler.generateClass(JDTCompiler.java:415)
	at org.apache.jasper.compiler.Compiler.compile(Compiler.java:308)
	at org.apache.jasper.compiler.Compiler.compile(Compiler.java:286)
	at org.apache.jasper.compiler.Compiler.compile(Compiler.java:273)
	at org.apache.jasper.JspCompilationContext.compile(JspCompilationContext.java:566)
	at org.apache.jasper.servlet.JspServletWrapper.service(JspServletWrapper.java:314)
	at org.apache.jasper.servlet.JspServlet.serviceJspFile(JspServlet.java:320)
	at org.apache.jasper.servlet.JspServlet.service(JspServlet.java:266)
	at javax.servlet.http.HttpServlet.service(HttpServlet.java:803)
	at org.apache.catalina.core.ApplicationFilterChain.internalDoFilter(ApplicationFilterChain.java:290)
	at org.apache.catalina.core.ApplicationFilterChain.doFilter(ApplicationFilterChain.java:206)
	at org.apache.catalina.core.StandardWrapperValve.invoke(StandardWrapperValve.java:228)
	at org.apache.catalina.core.StandardContextValve.invoke(StandardContextValve.java:175)
	at org.apache.catalina.core.StandardHostValve.invoke(StandardHostValve.java:128)
	at org.apache.catalina.valves.ErrorReportValve.invoke(ErrorReportValve.java:105)
	at org.apache.catalina.core.StandardEngineValve.invoke(StandardEngineValve.java:109)
	at org.apache.catalina.connector.CoyoteAdapter.service(CoyoteAdapter.java:212)
	at org.apache.coyote.http11.Http11Processor.process(Http11Processor.java:818)
	at org.apache.coyote.http11.Http11Protocol$Http11ConnectionHandler.process(Http11Protocol.java:624)
	at org.apache.tomcat.util.net.JIoEndpoint$Worker.run(JIoEndpoint.java:445)
	at java.lang.Thread.run(Thread.java:745)

Dec 05, 2016 11:30:57 PM org.apache.catalina.core.StandardWrapperValve invoke
SEVERE: Servlet.service() for servlet jsp threw exception
org.apache.jasper.JasperException: Unable to compile class for JSP

An error occurred at line: 57 in the jsp file: /login.jsp
Generated servlet error:
Syntax error, insert ")" to complete MethodInvocation

An error occurred at line: 57 in the jsp file: /login.jsp
Generated servlet error:
Syntax error, insert ";" to complete BlockStatements

An error occurred at line: 57 in the jsp file: /login.jsp
Generated servlet error:
Syntax error on token(s), misplaced construct(s)

An error occurred at line: 57 in the jsp file: /login.jsp
Generated servlet error:
available cannot be resolved to a type

An error occurred at line: 57 in the jsp file: /login.jsp
Generated servlet error:
Syntax error on token "Invalid Character", = expected

An error occurred at line: 57 in the jsp file: /login.jsp
Generated servlet error:
Syntax error on token ")", delete this token


	at org.apache.jasper.compiler.DefaultErrorHandler.javacError(DefaultErrorHandler.java:85)
	at org.apache.jasper.compiler.ErrorDispatcher.javacError(ErrorDispatcher.java:329)
	at org.apache.jasper.compiler.JDTCompiler.generateClass(JDTCompiler.java:415)
	at org.apache.jasper.compiler.Compiler.compile(Compiler.java:308)
	at org.apache.jasper.compiler.Compiler.compile(Compiler.java:286)
	at org.apache.jasper.compiler.Compiler.compile(Compiler.java:273)
	at org.apache.jasper.JspCompilationContext.compile(JspCompilationContext.java:566)
	at org.apache.jasper.servlet.JspServletWrapper.service(JspServletWrapper.java:314)
	at org.apache.jasper.servlet.JspServlet.serviceJspFile(JspServlet.java:320)
	at org.apache.jasper.servlet.JspServlet.service(JspServlet.java:266)
	at javax.servlet.http.HttpServlet.service(HttpServlet.java:803)
	at org.apache.catalina.core.ApplicationFilterChain.internalDoFilter(ApplicationFilterChain.java:290)
	at org.apache.catalina.core.ApplicationFilterChain.doFilter(ApplicationFilterChain.java:206)
	at org.apache.catalina.core.StandardWrapperValve.invoke(StandardWrapperValve.java:228)
	at org.apache.catalina.core.StandardContextValve.invoke(StandardContextValve.java:175)
	at org.apache.catalina.core.StandardHostValve.invoke(StandardHostValve.java:128)
	at org.apache.catalina.valves.ErrorReportValve.invoke(ErrorReportValve.java:105)
	at org.apache.catalina.core.StandardEngineValve.invoke(StandardEngineValve.java:109)
	at org.apache.catalina.connector.CoyoteAdapter.service(CoyoteAdapter.java:212)
	at org.apache.coyote.http11.Http11Processor.process(Http11Processor.java:818)
	at org.apache.coyote.http11.Http11Protocol$Http11ConnectionHandler.process(Http11Protocol.java:624)
	at org.apache.tomcat.util.net.JIoEndpoint$Worker.run(JIoEndpoint.java:445)
	at java.lang.Thread.run(Thread.java:745)

Dec 05, 2016 11:49:24 PM org.apache.catalina.core.StandardWrapperValve invoke
SEVERE: Servlet.service() for servlet jsp threw exception
org.apache.jasper.JasperException: Unable to compile class for JSP

An error occurred at line: 11 in the jsp file: /querypages/supplies.jsp
Generated servlet error:
Connection cannot be resolved to a type

An error occurred at line: 11 in the jsp file: /querypages/supplies.jsp
Generated servlet error:
Statement cannot be resolved to a type

An error occurred at line: 11 in the jsp file: /querypages/supplies.jsp
Generated servlet error:
DriverManager cannot be resolved

An error occurred at line: 11 in the jsp file: /querypages/supplies.jsp
Generated servlet error:
ResultSet cannot be resolved to a type

An error occurred at line: 11 in the jsp file: /querypages/supplies.jsp
Generated servlet error:
Syntax error, insert ")" to complete MethodInvocation

An error occurred at line: 11 in the jsp file: /querypages/supplies.jsp
Generated servlet error:
Syntax error, insert ";" to complete BlockStatements


	at org.apache.jasper.compiler.DefaultErrorHandler.javacError(DefaultErrorHandler.java:85)
	at org.apache.jasper.compiler.ErrorDispatcher.javacError(ErrorDispatcher.java:329)
	at org.apache.jasper.compiler.JDTCompiler.generateClass(JDTCompiler.java:415)
	at org.apache.jasper.compiler.Compiler.compile(Compiler.java:308)
	at org.apache.jasper.compiler.Compiler.compile(Compiler.java:286)
	at org.apache.jasper.compiler.Compiler.compile(Compiler.java:273)
	at org.apache.jasper.JspCompilationContext.compile(JspCompilationContext.java:566)
	at org.apache.jasper.servlet.JspServletWrapper.service(JspServletWrapper.java:314)
	at org.apache.jasper.servlet.JspServlet.serviceJspFile(JspServlet.java:320)
	at org.apache.jasper.servlet.JspServlet.service(JspServlet.java:266)
	at javax.servlet.http.HttpServlet.service(HttpServlet.java:803)
	at org.apache.catalina.core.ApplicationFilterChain.internalDoFilter(ApplicationFilterChain.java:290)
	at org.apache.catalina.core.ApplicationFilterChain.doFilter(ApplicationFilterChain.java:206)
	at org.apache.catalina.core.StandardWrapperValve.invoke(StandardWrapperValve.java:228)
	at org.apache.catalina.core.StandardContextValve.invoke(StandardContextValve.java:175)
	at org.apache.catalina.core.StandardHostValve.invoke(StandardHostValve.java:128)
	at org.apache.catalina.valves.ErrorReportValve.invoke(ErrorReportValve.java:105)
	at org.apache.catalina.core.StandardEngineValve.invoke(StandardEngineValve.java:109)
	at org.apache.catalina.connector.CoyoteAdapter.service(CoyoteAdapter.java:212)
	at org.apache.coyote.http11.Http11Processor.process(Http11Processor.java:818)
	at org.apache.coyote.http11.Http11Protocol$Http11ConnectionHandler.process(Http11Protocol.java:624)
	at org.apache.tomcat.util.net.JIoEndpoint$Worker.run(JIoEndpoint.java:445)
	at java.lang.Thread.run(Thread.java:745)

Dec 05, 2016 11:50:14 PM org.apache.catalina.core.StandardWrapperValve invoke
SEVERE: Servlet.service() for servlet jsp threw exception
org.apache.jasper.JasperException: Unable to compile class for JSP

An error occurred at line: 13 in the jsp file: /querypages/supplies.jsp
Generated servlet error:
Syntax error, insert ")" to complete MethodInvocation

An error occurred at line: 13 in the jsp file: /querypages/supplies.jsp
Generated servlet error:
Syntax error, insert ";" to complete BlockStatements


	at org.apache.jasper.compiler.DefaultErrorHandler.javacError(DefaultErrorHandler.java:85)
	at org.apache.jasper.compiler.ErrorDispatcher.javacError(ErrorDispatcher.java:329)
	at org.apache.jasper.compiler.JDTCompiler.generateClass(JDTCompiler.java:415)
	at org.apache.jasper.compiler.Compiler.compile(Compiler.java:308)
	at org.apache.jasper.compiler.Compiler.compile(Compiler.java:286)
	at org.apache.jasper.compiler.Compiler.compile(Compiler.java:273)
	at org.apache.jasper.JspCompilationContext.compile(JspCompilationContext.java:566)
	at org.apache.jasper.servlet.JspServletWrapper.service(JspServletWrapper.java:314)
	at org.apache.jasper.servlet.JspServlet.serviceJspFile(JspServlet.java:320)
	at org.apache.jasper.servlet.JspServlet.service(JspServlet.java:266)
	at javax.servlet.http.HttpServlet.service(HttpServlet.java:803)
	at org.apache.catalina.core.ApplicationFilterChain.internalDoFilter(ApplicationFilterChain.java:290)
	at org.apache.catalina.core.ApplicationFilterChain.doFilter(ApplicationFilterChain.java:206)
	at org.apache.catalina.core.StandardWrapperValve.invoke(StandardWrapperValve.java:228)
	at org.apache.catalina.core.StandardContextValve.invoke(StandardContextValve.java:175)
	at org.apache.catalina.core.StandardHostValve.invoke(StandardHostValve.java:128)
	at org.apache.catalina.valves.ErrorReportValve.invoke(ErrorReportValve.java:105)
	at org.apache.catalina.core.StandardEngineValve.invoke(StandardEngineValve.java:109)
	at org.apache.catalina.connector.CoyoteAdapter.service(CoyoteAdapter.java:212)
	at org.apache.coyote.http11.Http11Processor.process(Http11Processor.java:818)
	at org.apache.coyote.http11.Http11Protocol$Http11ConnectionHandler.process(Http11Protocol.java:624)
	at org.apache.tomcat.util.net.JIoEndpoint$Worker.run(JIoEndpoint.java:445)
	at java.lang.Thread.run(Thread.java:745)

