Dec 06, 2016 1:24:18 AM org.apache.catalina.core.StandardWrapperValve invoke
SEVERE: Servlet.service() for servlet jsp threw exception
org.apache.jasper.JasperException: Unable to compile class for JSP

An error occurred at line: 14 in the jsp file: /login.jsp
Generated servlet error:
rs cannot be resolved

An error occurred at line: 14 in the jsp file: /login.jsp
Generated servlet error:
rs cannot be resolved

An error occurred at line: 14 in the jsp file: /login.jsp
Generated servlet error:
rs cannot be resolved

An error occurred at line: 14 in the jsp file: /login.jsp
Generated servlet error:
rs cannot be resolved

An error occurred at line: 14 in the jsp file: /login.jsp
Generated servlet error:
rs cannot be resolved


	at org.apache.jasper.compiler.DefaultErrorHandler.javacError(DefaultErrorHandler.java:85)
	at org.apache.jasper.compiler.ErrorDispatcher.javacError(ErrorDispatcher.java:329)
	at org.apache.jasper.compiler.JDTCompiler.generateClass(JDTCompiler.java:415)
	at org.apache.jasper.compiler.Compiler.compile(Compiler.java:308)
	at org.apache.jasper.compiler.Compiler.compile(Compiler.java:286)
	at org.apache.jasper.compiler.Compiler.compile(Compiler.java:273)
	at org.apache.jasper.JspCompilationContext.compile(JspCompilationContext.java:566)
	at org.apache.jasper.servlet.JspServletWrapper.service(JspServletWrapper.java:314)
	at org.apache.jasper.servlet.JspServlet.serviceJspFile(JspServlet.java:320)
	at org.apache.jasper.servlet.JspServlet.service(JspServlet.java:266)
	at javax.servlet.http.HttpServlet.service(HttpServlet.java:803)
	at org.apache.catalina.core.ApplicationFilterChain.internalDoFilter(ApplicationFilterChain.java:290)
	at org.apache.catalina.core.ApplicationFilterChain.doFilter(ApplicationFilterChain.java:206)
	at org.apache.catalina.core.StandardWrapperValve.invoke(StandardWrapperValve.java:228)
	at org.apache.catalina.core.StandardContextValve.invoke(StandardContextValve.java:175)
	at org.apache.catalina.core.StandardHostValve.invoke(StandardHostValve.java:128)
	at org.apache.catalina.valves.ErrorReportValve.invoke(ErrorReportValve.java:105)
	at org.apache.catalina.core.StandardEngineValve.invoke(StandardEngineValve.java:109)
	at org.apache.catalina.connector.CoyoteAdapter.service(CoyoteAdapter.java:212)
	at org.apache.coyote.http11.Http11Processor.process(Http11Processor.java:818)
	at org.apache.coyote.http11.Http11Protocol$Http11ConnectionHandler.process(Http11Protocol.java:624)
	at org.apache.tomcat.util.net.JIoEndpoint$Worker.run(JIoEndpoint.java:445)
	at java.lang.Thread.run(Thread.java:745)

Dec 06, 2016 1:25:05 AM org.apache.catalina.core.StandardWrapperValve invoke
SEVERE: Servlet.service() for servlet jsp threw exception
org.apache.jasper.JasperException: Unable to compile class for JSP

An error occurred at line: 14 in the jsp file: /querypages/schedule_appointment.jsp
Generated servlet error:
Syntax error on token ""<form action="login.jsp">"", delete this token

An error occurred at line: 69 in the jsp file: /querypages/schedule_appointment.jsp
Generated servlet error:
qFName cannot be resolved

An error occurred at line: 69 in the jsp file: /querypages/schedule_appointment.jsp
Generated servlet error:
qPatID cannot be resolved


	at org.apache.jasper.compiler.DefaultErrorHandler.javacError(DefaultErrorHandler.java:85)
	at org.apache.jasper.compiler.ErrorDispatcher.javacError(ErrorDispatcher.java:329)
	at org.apache.jasper.compiler.JDTCompiler.generateClass(JDTCompiler.java:415)
	at org.apache.jasper.compiler.Compiler.compile(Compiler.java:308)
	at org.apache.jasper.compiler.Compiler.compile(Compiler.java:286)
	at org.apache.jasper.compiler.Compiler.compile(Compiler.java:273)
	at org.apache.jasper.JspCompilationContext.compile(JspCompilationContext.java:566)
	at org.apache.jasper.servlet.JspServletWrapper.service(JspServletWrapper.java:314)
	at org.apache.jasper.servlet.JspServlet.serviceJspFile(JspServlet.java:320)
	at org.apache.jasper.servlet.JspServlet.service(JspServlet.java:266)
	at javax.servlet.http.HttpServlet.service(HttpServlet.java:803)
	at org.apache.catalina.core.ApplicationFilterChain.internalDoFilter(ApplicationFilterChain.java:290)
	at org.apache.catalina.core.ApplicationFilterChain.doFilter(ApplicationFilterChain.java:206)
	at org.apache.catalina.core.StandardWrapperValve.invoke(StandardWrapperValve.java:228)
	at org.apache.catalina.core.StandardContextValve.invoke(StandardContextValve.java:175)
	at org.apache.catalina.core.StandardHostValve.invoke(StandardHostValve.java:128)
	at org.apache.catalina.valves.ErrorReportValve.invoke(ErrorReportValve.java:105)
	at org.apache.catalina.core.StandardEngineValve.invoke(StandardEngineValve.java:109)
	at org.apache.catalina.connector.CoyoteAdapter.service(CoyoteAdapter.java:212)
	at org.apache.coyote.http11.Http11Processor.process(Http11Processor.java:818)
	at org.apache.coyote.http11.Http11Protocol$Http11ConnectionHandler.process(Http11Protocol.java:624)
	at org.apache.tomcat.util.net.JIoEndpoint$Worker.run(JIoEndpoint.java:445)
	at java.lang.Thread.run(Thread.java:745)

Dec 06, 2016 1:26:15 AM org.apache.catalina.core.StandardWrapperValve invoke
SEVERE: Servlet.service() for servlet jsp threw exception
java.sql.SQLException: ORA-04098: trigger 'LEVIHILL.UPONSERVICELOG' is invalid and failed re-validation

	at oracle.jdbc.driver.DatabaseError.throwSqlException(DatabaseError.java:112)
	at oracle.jdbc.driver.T4CTTIoer.processError(T4CTTIoer.java:331)
	at oracle.jdbc.driver.T4CTTIoer.processError(T4CTTIoer.java:288)
	at oracle.jdbc.driver.T4C8Oall.receive(T4C8Oall.java:743)
	at oracle.jdbc.driver.T4CStatement.doOall8(T4CStatement.java:207)
	at oracle.jdbc.driver.T4CStatement.executeForRows(T4CStatement.java:946)
	at oracle.jdbc.driver.OracleStatement.doExecuteWithTimeout(OracleStatement.java:1168)
	at oracle.jdbc.driver.OracleStatement.executeQuery(OracleStatement.java:1272)
	at org.apache.jsp.querypages.schedule_005fappointment_jsp._jspService(schedule_005fappointment_jsp.java:108)
	at org.apache.jasper.runtime.HttpJspBase.service(HttpJspBase.java:98)
	at javax.servlet.http.HttpServlet.service(HttpServlet.java:803)
	at org.apache.jasper.servlet.JspServletWrapper.service(JspServletWrapper.java:390)
	at org.apache.jasper.servlet.JspServlet.serviceJspFile(JspServlet.java:320)
	at org.apache.jasper.servlet.JspServlet.service(JspServlet.java:266)
	at javax.servlet.http.HttpServlet.service(HttpServlet.java:803)
	at org.apache.catalina.core.ApplicationFilterChain.internalDoFilter(ApplicationFilterChain.java:290)
	at org.apache.catalina.core.ApplicationFilterChain.doFilter(ApplicationFilterChain.java:206)
	at org.apache.catalina.core.StandardWrapperValve.invoke(StandardWrapperValve.java:228)
	at org.apache.catalina.core.StandardContextValve.invoke(StandardContextValve.java:175)
	at org.apache.catalina.core.StandardHostValve.invoke(StandardHostValve.java:128)
	at org.apache.catalina.valves.ErrorReportValve.invoke(ErrorReportValve.java:105)
	at org.apache.catalina.core.StandardEngineValve.invoke(StandardEngineValve.java:109)
	at org.apache.catalina.connector.CoyoteAdapter.service(CoyoteAdapter.java:212)
	at org.apache.coyote.http11.Http11Processor.process(Http11Processor.java:818)
	at org.apache.coyote.http11.Http11Protocol$Http11ConnectionHandler.process(Http11Protocol.java:624)
	at org.apache.tomcat.util.net.JIoEndpoint$Worker.run(JIoEndpoint.java:445)
	at java.lang.Thread.run(Thread.java:745)

Dec 06, 2016 1:37:57 AM org.apache.catalina.core.StandardWrapperValve invoke
SEVERE: Servlet.service() for servlet jsp threw exception
java.sql.SQLException: ORA-04098: trigger 'LEVIHILL.UPONSERVICELOG' is invalid and failed re-validation

	at oracle.jdbc.driver.DatabaseError.throwSqlException(DatabaseError.java:112)
	at oracle.jdbc.driver.T4CTTIoer.processError(T4CTTIoer.java:331)
	at oracle.jdbc.driver.T4CTTIoer.processError(T4CTTIoer.java:288)
	at oracle.jdbc.driver.T4C8Oall.receive(T4C8Oall.java:743)
	at oracle.jdbc.driver.T4CStatement.doOall8(T4CStatement.java:207)
	at oracle.jdbc.driver.T4CStatement.executeForRows(T4CStatement.java:946)
	at oracle.jdbc.driver.OracleStatement.doExecuteWithTimeout(OracleStatement.java:1168)
	at oracle.jdbc.driver.OracleStatement.executeQuery(OracleStatement.java:1272)
	at org.apache.jsp.querypages.schedule_005fappointment_jsp._jspService(schedule_005fappointment_jsp.java:108)
	at org.apache.jasper.runtime.HttpJspBase.service(HttpJspBase.java:98)
	at javax.servlet.http.HttpServlet.service(HttpServlet.java:803)
	at org.apache.jasper.servlet.JspServletWrapper.service(JspServletWrapper.java:390)
	at org.apache.jasper.servlet.JspServlet.serviceJspFile(JspServlet.java:320)
	at org.apache.jasper.servlet.JspServlet.service(JspServlet.java:266)
	at javax.servlet.http.HttpServlet.service(HttpServlet.java:803)
	at org.apache.catalina.core.ApplicationFilterChain.internalDoFilter(ApplicationFilterChain.java:290)
	at org.apache.catalina.core.ApplicationFilterChain.doFilter(ApplicationFilterChain.java:206)
	at org.apache.catalina.core.StandardWrapperValve.invoke(StandardWrapperValve.java:228)
	at org.apache.catalina.core.StandardContextValve.invoke(StandardContextValve.java:175)
	at org.apache.catalina.core.StandardHostValve.invoke(StandardHostValve.java:128)
	at org.apache.catalina.valves.ErrorReportValve.invoke(ErrorReportValve.java:105)
	at org.apache.catalina.core.StandardEngineValve.invoke(StandardEngineValve.java:109)
	at org.apache.catalina.connector.CoyoteAdapter.service(CoyoteAdapter.java:212)
	at org.apache.coyote.http11.Http11Processor.process(Http11Processor.java:818)
	at org.apache.coyote.http11.Http11Protocol$Http11ConnectionHandler.process(Http11Protocol.java:624)
	at org.apache.tomcat.util.net.JIoEndpoint$Worker.run(JIoEndpoint.java:445)
	at java.lang.Thread.run(Thread.java:745)

Dec 06, 2016 2:09:34 AM org.apache.catalina.core.StandardWrapperValve invoke
SEVERE: Servlet.service() for servlet jsp threw exception
org.apache.jasper.JasperException: Unable to compile class for JSP

An error occurred at line: 14 in the jsp file: /register.jsp
Generated servlet error:
qFname cannot be resolved


	at org.apache.jasper.compiler.DefaultErrorHandler.javacError(DefaultErrorHandler.java:85)
	at org.apache.jasper.compiler.ErrorDispatcher.javacError(ErrorDispatcher.java:329)
	at org.apache.jasper.compiler.JDTCompiler.generateClass(JDTCompiler.java:415)
	at org.apache.jasper.compiler.Compiler.compile(Compiler.java:308)
	at org.apache.jasper.compiler.Compiler.compile(Compiler.java:286)
	at org.apache.jasper.compiler.Compiler.compile(Compiler.java:273)
	at org.apache.jasper.JspCompilationContext.compile(JspCompilationContext.java:566)
	at org.apache.jasper.servlet.JspServletWrapper.service(JspServletWrapper.java:314)
	at org.apache.jasper.servlet.JspServlet.serviceJspFile(JspServlet.java:320)
	at org.apache.jasper.servlet.JspServlet.service(JspServlet.java:266)
	at javax.servlet.http.HttpServlet.service(HttpServlet.java:803)
	at org.apache.catalina.core.ApplicationFilterChain.internalDoFilter(ApplicationFilterChain.java:290)
	at org.apache.catalina.core.ApplicationFilterChain.doFilter(ApplicationFilterChain.java:206)
	at org.apache.catalina.core.StandardWrapperValve.invoke(StandardWrapperValve.java:228)
	at org.apache.catalina.core.StandardContextValve.invoke(StandardContextValve.java:175)
	at org.apache.catalina.core.StandardHostValve.invoke(StandardHostValve.java:128)
	at org.apache.catalina.valves.ErrorReportValve.invoke(ErrorReportValve.java:105)
	at org.apache.catalina.core.StandardEngineValve.invoke(StandardEngineValve.java:109)
	at org.apache.catalina.connector.CoyoteAdapter.service(CoyoteAdapter.java:212)
	at org.apache.coyote.http11.Http11Processor.process(Http11Processor.java:818)
	at org.apache.coyote.http11.Http11Protocol$Http11ConnectionHandler.process(Http11Protocol.java:624)
	at org.apache.tomcat.util.net.JIoEndpoint$Worker.run(JIoEndpoint.java:445)
	at java.lang.Thread.run(Thread.java:745)

Dec 06, 2016 2:27:38 AM org.apache.catalina.core.StandardWrapperValve invoke
SEVERE: Servlet.service() for servlet jsp threw exception
org.apache.jasper.JasperException: Unable to compile class for JSP

An error occurred at line: 13 in the jsp file: /querypages/update_balance.jsp
Generated servlet error:
tempBalance cannot be resolved

An error occurred at line: 13 in the jsp file: /querypages/update_balance.jsp
Generated servlet error:
The method ParseInt(String) is undefined for the type Integer

An error occurred at line: 13 in the jsp file: /querypages/update_balance.jsp
Generated servlet error:
tempBalance cannot be resolved

An error occurred at line: 13 in the jsp file: /querypages/update_balance.jsp
Generated servlet error:
The method ParseInt(String) is undefined for the type Integer

An error occurred at line: 13 in the jsp file: /querypages/update_balance.jsp
Generated servlet error:
tempBalance cannot be resolved

An error occurred at line: 13 in the jsp file: /querypages/update_balance.jsp
Generated servlet error:
Syntax error on token ")", delete this token


	at org.apache.jasper.compiler.DefaultErrorHandler.javacError(DefaultErrorHandler.java:85)
	at org.apache.jasper.compiler.ErrorDispatcher.javacError(ErrorDispatcher.java:329)
	at org.apache.jasper.compiler.JDTCompiler.generateClass(JDTCompiler.java:415)
	at org.apache.jasper.compiler.Compiler.compile(Compiler.java:308)
	at org.apache.jasper.compiler.Compiler.compile(Compiler.java:286)
	at org.apache.jasper.compiler.Compiler.compile(Compiler.java:273)
	at org.apache.jasper.JspCompilationContext.compile(JspCompilationContext.java:566)
	at org.apache.jasper.servlet.JspServletWrapper.service(JspServletWrapper.java:314)
	at org.apache.jasper.servlet.JspServlet.serviceJspFile(JspServlet.java:320)
	at org.apache.jasper.servlet.JspServlet.service(JspServlet.java:266)
	at javax.servlet.http.HttpServlet.service(HttpServlet.java:803)
	at org.apache.catalina.core.ApplicationFilterChain.internalDoFilter(ApplicationFilterChain.java:290)
	at org.apache.catalina.core.ApplicationFilterChain.doFilter(ApplicationFilterChain.java:206)
	at org.apache.catalina.core.StandardWrapperValve.invoke(StandardWrapperValve.java:228)
	at org.apache.catalina.core.StandardContextValve.invoke(StandardContextValve.java:175)
	at org.apache.catalina.core.StandardHostValve.invoke(StandardHostValve.java:128)
	at org.apache.catalina.valves.ErrorReportValve.invoke(ErrorReportValve.java:105)
	at org.apache.catalina.core.StandardEngineValve.invoke(StandardEngineValve.java:109)
	at org.apache.catalina.connector.CoyoteAdapter.service(CoyoteAdapter.java:212)
	at org.apache.coyote.http11.Http11Processor.process(Http11Processor.java:818)
	at org.apache.coyote.http11.Http11Protocol$Http11ConnectionHandler.process(Http11Protocol.java:624)
	at org.apache.tomcat.util.net.JIoEndpoint$Worker.run(JIoEndpoint.java:445)
	at java.lang.Thread.run(Thread.java:745)

Dec 06, 2016 2:28:08 AM org.apache.catalina.core.StandardWrapperValve invoke
SEVERE: Servlet.service() for servlet jsp threw exception
org.apache.jasper.JasperException: Unable to compile class for JSP

An error occurred at line: 13 in the jsp file: /querypages/update_balance.jsp
Generated servlet error:
The method ParseInt(String) is undefined for the type Integer

An error occurred at line: 13 in the jsp file: /querypages/update_balance.jsp
Generated servlet error:
The method ParseInt(String) is undefined for the type Integer

An error occurred at line: 13 in the jsp file: /querypages/update_balance.jsp
Generated servlet error:
Syntax error on token ")", delete this token


	at org.apache.jasper.compiler.DefaultErrorHandler.javacError(DefaultErrorHandler.java:85)
	at org.apache.jasper.compiler.ErrorDispatcher.javacError(ErrorDispatcher.java:329)
	at org.apache.jasper.compiler.JDTCompiler.generateClass(JDTCompiler.java:415)
	at org.apache.jasper.compiler.Compiler.compile(Compiler.java:308)
	at org.apache.jasper.compiler.Compiler.compile(Compiler.java:286)
	at org.apache.jasper.compiler.Compiler.compile(Compiler.java:273)
	at org.apache.jasper.JspCompilationContext.compile(JspCompilationContext.java:566)
	at org.apache.jasper.servlet.JspServletWrapper.service(JspServletWrapper.java:314)
	at org.apache.jasper.servlet.JspServlet.serviceJspFile(JspServlet.java:320)
	at org.apache.jasper.servlet.JspServlet.service(JspServlet.java:266)
	at javax.servlet.http.HttpServlet.service(HttpServlet.java:803)
	at org.apache.catalina.core.ApplicationFilterChain.internalDoFilter(ApplicationFilterChain.java:290)
	at org.apache.catalina.core.ApplicationFilterChain.doFilter(ApplicationFilterChain.java:206)
	at org.apache.catalina.core.StandardWrapperValve.invoke(StandardWrapperValve.java:228)
	at org.apache.catalina.core.StandardContextValve.invoke(StandardContextValve.java:175)
	at org.apache.catalina.core.StandardHostValve.invoke(StandardHostValve.java:128)
	at org.apache.catalina.valves.ErrorReportValve.invoke(ErrorReportValve.java:105)
	at org.apache.catalina.core.StandardEngineValve.invoke(StandardEngineValve.java:109)
	at org.apache.catalina.connector.CoyoteAdapter.service(CoyoteAdapter.java:212)
	at org.apache.coyote.http11.Http11Processor.process(Http11Processor.java:818)
	at org.apache.coyote.http11.Http11Protocol$Http11ConnectionHandler.process(Http11Protocol.java:624)
	at org.apache.tomcat.util.net.JIoEndpoint$Worker.run(JIoEndpoint.java:445)
	at java.lang.Thread.run(Thread.java:745)

Dec 06, 2016 2:28:30 AM org.apache.catalina.core.StandardWrapperValve invoke
SEVERE: Servlet.service() for servlet jsp threw exception
org.apache.jasper.JasperException: Unable to compile class for JSP

An error occurred at line: 13 in the jsp file: /querypages/update_balance.jsp
Generated servlet error:
Syntax error on token ")", delete this token


	at org.apache.jasper.compiler.DefaultErrorHandler.javacError(DefaultErrorHandler.java:85)
	at org.apache.jasper.compiler.ErrorDispatcher.javacError(ErrorDispatcher.java:329)
	at org.apache.jasper.compiler.JDTCompiler.generateClass(JDTCompiler.java:415)
	at org.apache.jasper.compiler.Compiler.compile(Compiler.java:308)
	at org.apache.jasper.compiler.Compiler.compile(Compiler.java:286)
	at org.apache.jasper.compiler.Compiler.compile(Compiler.java:273)
	at org.apache.jasper.JspCompilationContext.compile(JspCompilationContext.java:566)
	at org.apache.jasper.servlet.JspServletWrapper.service(JspServletWrapper.java:314)
	at org.apache.jasper.servlet.JspServlet.serviceJspFile(JspServlet.java:320)
	at org.apache.jasper.servlet.JspServlet.service(JspServlet.java:266)
	at javax.servlet.http.HttpServlet.service(HttpServlet.java:803)
	at org.apache.catalina.core.ApplicationFilterChain.internalDoFilter(ApplicationFilterChain.java:290)
	at org.apache.catalina.core.ApplicationFilterChain.doFilter(ApplicationFilterChain.java:206)
	at org.apache.catalina.core.StandardWrapperValve.invoke(StandardWrapperValve.java:228)
	at org.apache.catalina.core.StandardContextValve.invoke(StandardContextValve.java:175)
	at org.apache.catalina.core.StandardHostValve.invoke(StandardHostValve.java:128)
	at org.apache.catalina.valves.ErrorReportValve.invoke(ErrorReportValve.java:105)
	at org.apache.catalina.core.StandardEngineValve.invoke(StandardEngineValve.java:109)
	at org.apache.catalina.connector.CoyoteAdapter.service(CoyoteAdapter.java:212)
	at org.apache.coyote.http11.Http11Processor.process(Http11Processor.java:818)
	at org.apache.coyote.http11.Http11Protocol$Http11ConnectionHandler.process(Http11Protocol.java:624)
	at org.apache.tomcat.util.net.JIoEndpoint$Worker.run(JIoEndpoint.java:445)
	at java.lang.Thread.run(Thread.java:745)

Dec 06, 2016 2:29:00 AM org.apache.catalina.core.StandardWrapperValve invoke
SEVERE: Servlet.service() for servlet jsp threw exception
java.sql.SQLException: ORA-01438: value larger than specified precision allowed for this column

	at oracle.jdbc.driver.DatabaseError.throwSqlException(DatabaseError.java:112)
	at oracle.jdbc.driver.T4CTTIoer.processError(T4CTTIoer.java:331)
	at oracle.jdbc.driver.T4CTTIoer.processError(T4CTTIoer.java:288)
	at oracle.jdbc.driver.T4C8Oall.receive(T4C8Oall.java:743)
	at oracle.jdbc.driver.T4CStatement.doOall8(T4CStatement.java:207)
	at oracle.jdbc.driver.T4CStatement.executeForRows(T4CStatement.java:946)
	at oracle.jdbc.driver.OracleStatement.doExecuteWithTimeout(OracleStatement.java:1168)
	at oracle.jdbc.driver.OracleStatement.executeQuery(OracleStatement.java:1272)
	at org.apache.jsp.querypages.update_005fbalance_jsp._jspService(update_005fbalance_jsp.java:95)
	at org.apache.jasper.runtime.HttpJspBase.service(HttpJspBase.java:98)
	at javax.servlet.http.HttpServlet.service(HttpServlet.java:803)
	at org.apache.jasper.servlet.JspServletWrapper.service(JspServletWrapper.java:390)
	at org.apache.jasper.servlet.JspServlet.serviceJspFile(JspServlet.java:320)
	at org.apache.jasper.servlet.JspServlet.service(JspServlet.java:266)
	at javax.servlet.http.HttpServlet.service(HttpServlet.java:803)
	at org.apache.catalina.core.ApplicationFilterChain.internalDoFilter(ApplicationFilterChain.java:290)
	at org.apache.catalina.core.ApplicationFilterChain.doFilter(ApplicationFilterChain.java:206)
	at org.apache.catalina.core.StandardWrapperValve.invoke(StandardWrapperValve.java:228)
	at org.apache.catalina.core.StandardContextValve.invoke(StandardContextValve.java:175)
	at org.apache.catalina.core.StandardHostValve.invoke(StandardHostValve.java:128)
	at org.apache.catalina.valves.ErrorReportValve.invoke(ErrorReportValve.java:105)
	at org.apache.catalina.core.StandardEngineValve.invoke(StandardEngineValve.java:109)
	at org.apache.catalina.connector.CoyoteAdapter.service(CoyoteAdapter.java:212)
	at org.apache.coyote.http11.Http11Processor.process(Http11Processor.java:818)
	at org.apache.coyote.http11.Http11Protocol$Http11ConnectionHandler.process(Http11Protocol.java:624)
	at org.apache.tomcat.util.net.JIoEndpoint$Worker.run(JIoEndpoint.java:445)
	at java.lang.Thread.run(Thread.java:745)

Dec 06, 2016 2:49:48 AM org.apache.catalina.core.StandardWrapperValve invoke
SEVERE: Servlet.service() for servlet jsp threw exception
org.apache.jasper.JasperException: Unable to compile class for JSP

An error occurred at line: 24 in the jsp file: /service.jsp
Generated servlet error:
patID cannot be resolved


	at org.apache.jasper.compiler.DefaultErrorHandler.javacError(DefaultErrorHandler.java:85)
	at org.apache.jasper.compiler.ErrorDispatcher.javacError(ErrorDispatcher.java:329)
	at org.apache.jasper.compiler.JDTCompiler.generateClass(JDTCompiler.java:415)
	at org.apache.jasper.compiler.Compiler.compile(Compiler.java:308)
	at org.apache.jasper.compiler.Compiler.compile(Compiler.java:286)
	at org.apache.jasper.compiler.Compiler.compile(Compiler.java:273)
	at org.apache.jasper.JspCompilationContext.compile(JspCompilationContext.java:566)
	at org.apache.jasper.servlet.JspServletWrapper.service(JspServletWrapper.java:314)
	at org.apache.jasper.servlet.JspServlet.serviceJspFile(JspServlet.java:320)
	at org.apache.jasper.servlet.JspServlet.service(JspServlet.java:266)
	at javax.servlet.http.HttpServlet.service(HttpServlet.java:803)
	at org.apache.catalina.core.ApplicationFilterChain.internalDoFilter(ApplicationFilterChain.java:290)
	at org.apache.catalina.core.ApplicationFilterChain.doFilter(ApplicationFilterChain.java:206)
	at org.apache.catalina.core.StandardWrapperValve.invoke(StandardWrapperValve.java:228)
	at org.apache.catalina.core.StandardContextValve.invoke(StandardContextValve.java:175)
	at org.apache.catalina.core.StandardHostValve.invoke(StandardHostValve.java:128)
	at org.apache.catalina.valves.ErrorReportValve.invoke(ErrorReportValve.java:105)
	at org.apache.catalina.core.StandardEngineValve.invoke(StandardEngineValve.java:109)
	at org.apache.catalina.connector.CoyoteAdapter.service(CoyoteAdapter.java:212)
	at org.apache.coyote.http11.Http11Processor.process(Http11Processor.java:818)
	at org.apache.coyote.http11.Http11Protocol$Http11ConnectionHandler.process(Http11Protocol.java:624)
	at org.apache.tomcat.util.net.JIoEndpoint$Worker.run(JIoEndpoint.java:445)
	at java.lang.Thread.run(Thread.java:745)

Dec 06, 2016 2:50:29 AM org.apache.catalina.core.StandardWrapperValve invoke
SEVERE: Servlet.service() for servlet jsp threw exception
org.apache.jasper.JasperException: Unable to compile class for JSP

An error occurred at line: 37 in the jsp file: /querypages/service_event.jsp
Generated servlet error:
patID cannot be resolved


	at org.apache.jasper.compiler.DefaultErrorHandler.javacError(DefaultErrorHandler.java:85)
	at org.apache.jasper.compiler.ErrorDispatcher.javacError(ErrorDispatcher.java:329)
	at org.apache.jasper.compiler.JDTCompiler.generateClass(JDTCompiler.java:415)
	at org.apache.jasper.compiler.Compiler.compile(Compiler.java:308)
	at org.apache.jasper.compiler.Compiler.compile(Compiler.java:286)
	at org.apache.jasper.compiler.Compiler.compile(Compiler.java:273)
	at org.apache.jasper.JspCompilationContext.compile(JspCompilationContext.java:566)
	at org.apache.jasper.servlet.JspServletWrapper.service(JspServletWrapper.java:314)
	at org.apache.jasper.servlet.JspServlet.serviceJspFile(JspServlet.java:320)
	at org.apache.jasper.servlet.JspServlet.service(JspServlet.java:266)
	at javax.servlet.http.HttpServlet.service(HttpServlet.java:803)
	at org.apache.catalina.core.ApplicationFilterChain.internalDoFilter(ApplicationFilterChain.java:290)
	at org.apache.catalina.core.ApplicationFilterChain.doFilter(ApplicationFilterChain.java:206)
	at org.apache.catalina.core.StandardWrapperValve.invoke(StandardWrapperValve.java:228)
	at org.apache.catalina.core.StandardContextValve.invoke(StandardContextValve.java:175)
	at org.apache.catalina.core.StandardHostValve.invoke(StandardHostValve.java:128)
	at org.apache.catalina.valves.ErrorReportValve.invoke(ErrorReportValve.java:105)
	at org.apache.catalina.core.StandardEngineValve.invoke(StandardEngineValve.java:109)
	at org.apache.catalina.connector.CoyoteAdapter.service(CoyoteAdapter.java:212)
	at org.apache.coyote.http11.Http11Processor.process(Http11Processor.java:818)
	at org.apache.coyote.http11.Http11Protocol$Http11ConnectionHandler.process(Http11Protocol.java:624)
	at org.apache.tomcat.util.net.JIoEndpoint$Worker.run(JIoEndpoint.java:445)
	at java.lang.Thread.run(Thread.java:745)

Dec 06, 2016 2:51:35 AM org.apache.catalina.core.StandardWrapperValve invoke
SEVERE: Servlet.service() for servlet jsp threw exception
org.apache.jasper.JasperException: Unable to compile class for JSP

An error occurred at line: 14 in the jsp file: /querypages/servicelog.jsp
Generated servlet error:
Syntax error on token "else", delete this token

An error occurred at line: 14 in the jsp file: /querypages/servicelog.jsp
Generated servlet error:
rs cannot be resolved

An error occurred at line: 14 in the jsp file: /querypages/servicelog.jsp
Generated servlet error:
rs cannot be resolved

An error occurred at line: 14 in the jsp file: /querypages/servicelog.jsp
Generated servlet error:
rs cannot be resolved

An error occurred at line: 14 in the jsp file: /querypages/servicelog.jsp
Generated servlet error:
rs cannot be resolved

An error occurred at line: 14 in the jsp file: /querypages/servicelog.jsp
Generated servlet error:
rs cannot be resolved

An error occurred at line: 14 in the jsp file: /querypages/servicelog.jsp
Generated servlet error:
rs cannot be resolved


	at org.apache.jasper.compiler.DefaultErrorHandler.javacError(DefaultErrorHandler.java:85)
	at org.apache.jasper.compiler.ErrorDispatcher.javacError(ErrorDispatcher.java:329)
	at org.apache.jasper.compiler.JDTCompiler.generateClass(JDTCompiler.java:415)
	at org.apache.jasper.compiler.Compiler.compile(Compiler.java:308)
	at org.apache.jasper.compiler.Compiler.compile(Compiler.java:286)
	at org.apache.jasper.compiler.Compiler.compile(Compiler.java:273)
	at org.apache.jasper.JspCompilationContext.compile(JspCompilationContext.java:566)
	at org.apache.jasper.servlet.JspServletWrapper.service(JspServletWrapper.java:314)
	at org.apache.jasper.servlet.JspServlet.serviceJspFile(JspServlet.java:320)
	at org.apache.jasper.servlet.JspServlet.service(JspServlet.java:266)
	at javax.servlet.http.HttpServlet.service(HttpServlet.java:803)
	at org.apache.catalina.core.ApplicationFilterChain.internalDoFilter(ApplicationFilterChain.java:290)
	at org.apache.catalina.core.ApplicationFilterChain.doFilter(ApplicationFilterChain.java:206)
	at org.apache.catalina.core.StandardWrapperValve.invoke(StandardWrapperValve.java:228)
	at org.apache.catalina.core.StandardContextValve.invoke(StandardContextValve.java:175)
	at org.apache.catalina.core.StandardHostValve.invoke(StandardHostValve.java:128)
	at org.apache.catalina.valves.ErrorReportValve.invoke(ErrorReportValve.java:105)
	at org.apache.catalina.core.StandardEngineValve.invoke(StandardEngineValve.java:109)
	at org.apache.catalina.connector.CoyoteAdapter.service(CoyoteAdapter.java:212)
	at org.apache.coyote.http11.Http11Processor.process(Http11Processor.java:818)
	at org.apache.coyote.http11.Http11Protocol$Http11ConnectionHandler.process(Http11Protocol.java:624)
	at org.apache.tomcat.util.net.JIoEndpoint$Worker.run(JIoEndpoint.java:445)
	at java.lang.Thread.run(Thread.java:745)

Dec 06, 2016 2:52:37 AM org.apache.catalina.core.StandardWrapperValve invoke
SEVERE: Servlet.service() for servlet jsp threw exception
org.apache.jasper.JasperException: Unable to compile class for JSP

An error occurred at line: 14 in the jsp file: /querypages/servicelog.jsp
Generated servlet error:
rs cannot be resolved

An error occurred at line: 14 in the jsp file: /querypages/servicelog.jsp
Generated servlet error:
rs cannot be resolved

An error occurred at line: 14 in the jsp file: /querypages/servicelog.jsp
Generated servlet error:
rs cannot be resolved

An error occurred at line: 14 in the jsp file: /querypages/servicelog.jsp
Generated servlet error:
rs cannot be resolved

An error occurred at line: 14 in the jsp file: /querypages/servicelog.jsp
Generated servlet error:
rs cannot be resolved

An error occurred at line: 14 in the jsp file: /querypages/servicelog.jsp
Generated servlet error:
rs cannot be resolved


	at org.apache.jasper.compiler.DefaultErrorHandler.javacError(DefaultErrorHandler.java:85)
	at org.apache.jasper.compiler.ErrorDispatcher.javacError(ErrorDispatcher.java:329)
	at org.apache.jasper.compiler.JDTCompiler.generateClass(JDTCompiler.java:415)
	at org.apache.jasper.compiler.Compiler.compile(Compiler.java:308)
	at org.apache.jasper.compiler.Compiler.compile(Compiler.java:286)
	at org.apache.jasper.compiler.Compiler.compile(Compiler.java:273)
	at org.apache.jasper.JspCompilationContext.compile(JspCompilationContext.java:566)
	at org.apache.jasper.servlet.JspServletWrapper.service(JspServletWrapper.java:314)
	at org.apache.jasper.servlet.JspServlet.serviceJspFile(JspServlet.java:320)
	at org.apache.jasper.servlet.JspServlet.service(JspServlet.java:266)
	at javax.servlet.http.HttpServlet.service(HttpServlet.java:803)
	at org.apache.catalina.core.ApplicationFilterChain.internalDoFilter(ApplicationFilterChain.java:290)
	at org.apache.catalina.core.ApplicationFilterChain.doFilter(ApplicationFilterChain.java:206)
	at org.apache.catalina.core.StandardWrapperValve.invoke(StandardWrapperValve.java:228)
	at org.apache.catalina.core.StandardContextValve.invoke(StandardContextValve.java:175)
	at org.apache.catalina.core.StandardHostValve.invoke(StandardHostValve.java:128)
	at org.apache.catalina.valves.ErrorReportValve.invoke(ErrorReportValve.java:105)
	at org.apache.catalina.core.StandardEngineValve.invoke(StandardEngineValve.java:109)
	at org.apache.catalina.connector.CoyoteAdapter.service(CoyoteAdapter.java:212)
	at org.apache.coyote.http11.Http11Processor.process(Http11Processor.java:818)
	at org.apache.coyote.http11.Http11Protocol$Http11ConnectionHandler.process(Http11Protocol.java:624)
	at org.apache.tomcat.util.net.JIoEndpoint$Worker.run(JIoEndpoint.java:445)
	at java.lang.Thread.run(Thread.java:745)

Dec 06, 2016 3:29:24 AM org.apache.catalina.core.ApplicationContext log
INFO: ContextListener: contextInitialized()
Dec 06, 2016 3:29:24 AM org.apache.catalina.core.ApplicationContext log
INFO: SessionListener: contextInitialized()
Dec 06, 2016 3:29:26 AM org.apache.catalina.core.ApplicationContext log
INFO: SessionListener: contextDestroyed()
Dec 06, 2016 3:29:26 AM org.apache.catalina.core.ApplicationContext log
INFO: ContextListener: contextDestroyed()
Dec 06, 2016 3:29:39 AM org.apache.catalina.core.ApplicationContext log
INFO: SessionListener: contextDestroyed()
Dec 06, 2016 3:29:39 AM org.apache.catalina.core.ApplicationContext log
INFO: ContextListener: contextDestroyed()
Dec 06, 2016 3:29:43 AM org.apache.catalina.core.ApplicationContext log
INFO: ContextListener: contextInitialized()
Dec 06, 2016 3:29:43 AM org.apache.catalina.core.ApplicationContext log
INFO: SessionListener: contextInitialized()
Dec 06, 2016 3:29:53 AM org.apache.catalina.core.ApplicationContext log
INFO: SessionListener: contextDestroyed()
Dec 06, 2016 3:29:53 AM org.apache.catalina.core.ApplicationContext log
INFO: ContextListener: contextDestroyed()
Dec 06, 2016 3:30:57 AM org.apache.catalina.core.ApplicationContext log
INFO: ContextListener: contextInitialized()
Dec 06, 2016 3:30:57 AM org.apache.catalina.core.ApplicationContext log
INFO: SessionListener: contextInitialized()
Dec 06, 2016 3:32:25 AM org.apache.catalina.core.StandardWrapperValve invoke
SEVERE: Servlet.service() for servlet jsp threw exception
org.apache.jasper.JasperException: Unable to compile class for JSP

An error occurred at line: 13 in the jsp file: /querypages/query.jsp
Generated servlet error:
The method getColumnCount() is undefined for the type ResultSet

An error occurred at line: 13 in the jsp file: /querypages/query.jsp
Generated servlet error:
The method getColumnName(int) is undefined for the type ResultSet

An error occurred at line: 13 in the jsp file: /querypages/query.jsp
Generated servlet error:
The method getColumnCount() is undefined for the type ResultSet

An error occurred at line: 13 in the jsp file: /querypages/query.jsp
Generated servlet error:
The method getColumnName(int) is undefined for the type ResultSet


	at org.apache.jasper.compiler.DefaultErrorHandler.javacError(DefaultErrorHandler.java:85)
	at org.apache.jasper.compiler.ErrorDispatcher.javacError(ErrorDispatcher.java:329)
	at org.apache.jasper.compiler.JDTCompiler.generateClass(JDTCompiler.java:415)
	at org.apache.jasper.compiler.Compiler.compile(Compiler.java:308)
	at org.apache.jasper.compiler.Compiler.compile(Compiler.java:286)
	at org.apache.jasper.compiler.Compiler.compile(Compiler.java:273)
	at org.apache.jasper.JspCompilationContext.compile(JspCompilationContext.java:566)
	at org.apache.jasper.servlet.JspServletWrapper.service(JspServletWrapper.java:314)
	at org.apache.jasper.servlet.JspServlet.serviceJspFile(JspServlet.java:320)
	at org.apache.jasper.servlet.JspServlet.service(JspServlet.java:266)
	at javax.servlet.http.HttpServlet.service(HttpServlet.java:803)
	at org.apache.catalina.core.ApplicationFilterChain.internalDoFilter(ApplicationFilterChain.java:290)
	at org.apache.catalina.core.ApplicationFilterChain.doFilter(ApplicationFilterChain.java:206)
	at org.apache.catalina.core.StandardWrapperValve.invoke(StandardWrapperValve.java:228)
	at org.apache.catalina.core.StandardContextValve.invoke(StandardContextValve.java:175)
	at org.apache.catalina.core.StandardHostValve.invoke(StandardHostValve.java:128)
	at org.apache.catalina.valves.ErrorReportValve.invoke(ErrorReportValve.java:105)
	at org.apache.catalina.core.StandardEngineValve.invoke(StandardEngineValve.java:109)
	at org.apache.catalina.connector.CoyoteAdapter.service(CoyoteAdapter.java:212)
	at org.apache.coyote.http11.Http11Processor.process(Http11Processor.java:818)
	at org.apache.coyote.http11.Http11Protocol$Http11ConnectionHandler.process(Http11Protocol.java:624)
	at org.apache.tomcat.util.net.JIoEndpoint$Worker.run(JIoEndpoint.java:445)
	at java.lang.Thread.run(Thread.java:745)

Dec 06, 2016 3:34:45 AM org.apache.catalina.core.StandardWrapperValve invoke
SEVERE: Servlet.service() for servlet jsp threw exception
org.apache.jasper.JasperException: Unable to compile class for JSP

An error occurred at line: 13 in the jsp file: /querypages/query.jsp
Generated servlet error:
ResultSetMetaData cannot be resolved to a type

An error occurred at line: 13 in the jsp file: /querypages/query.jsp
Generated servlet error:
The method getSetMetaData() is undefined for the type ResultSet

An error occurred at line: 13 in the jsp file: /querypages/query.jsp
Generated servlet error:
The method getColumnName(int) is undefined for the type ResultSet


	at org.apache.jasper.compiler.DefaultErrorHandler.javacError(DefaultErrorHandler.java:85)
	at org.apache.jasper.compiler.ErrorDispatcher.javacError(ErrorDispatcher.java:329)
	at org.apache.jasper.compiler.JDTCompiler.generateClass(JDTCompiler.java:415)
	at org.apache.jasper.compiler.Compiler.compile(Compiler.java:308)
	at org.apache.jasper.compiler.Compiler.compile(Compiler.java:286)
	at org.apache.jasper.compiler.Compiler.compile(Compiler.java:273)
	at org.apache.jasper.JspCompilationContext.compile(JspCompilationContext.java:566)
	at org.apache.jasper.servlet.JspServletWrapper.service(JspServletWrapper.java:314)
	at org.apache.jasper.servlet.JspServlet.serviceJspFile(JspServlet.java:320)
	at org.apache.jasper.servlet.JspServlet.service(JspServlet.java:266)
	at javax.servlet.http.HttpServlet.service(HttpServlet.java:803)
	at org.apache.catalina.core.ApplicationFilterChain.internalDoFilter(ApplicationFilterChain.java:290)
	at org.apache.catalina.core.ApplicationFilterChain.doFilter(ApplicationFilterChain.java:206)
	at org.apache.catalina.core.StandardWrapperValve.invoke(StandardWrapperValve.java:228)
	at org.apache.catalina.core.StandardContextValve.invoke(StandardContextValve.java:175)
	at org.apache.catalina.core.StandardHostValve.invoke(StandardHostValve.java:128)
	at org.apache.catalina.valves.ErrorReportValve.invoke(ErrorReportValve.java:105)
	at org.apache.catalina.core.StandardEngineValve.invoke(StandardEngineValve.java:109)
	at org.apache.catalina.connector.CoyoteAdapter.service(CoyoteAdapter.java:212)
	at org.apache.coyote.http11.Http11Processor.process(Http11Processor.java:818)
	at org.apache.coyote.http11.Http11Protocol$Http11ConnectionHandler.process(Http11Protocol.java:624)
	at org.apache.tomcat.util.net.JIoEndpoint$Worker.run(JIoEndpoint.java:445)
	at java.lang.Thread.run(Thread.java:745)

Dec 06, 2016 3:36:21 AM org.apache.catalina.core.StandardWrapperValve invoke
SEVERE: Servlet.service() for servlet jsp threw exception
org.apache.jasper.JasperException: Unable to compile class for JSP

An error occurred at line: 13 in the jsp file: /querypages/query.jsp
Generated servlet error:
ResultSetMetaData cannot be resolved to a type

An error occurred at line: 13 in the jsp file: /querypages/query.jsp
Generated servlet error:
The method getColumnName(int) is undefined for the type ResultSet


	at org.apache.jasper.compiler.DefaultErrorHandler.javacError(DefaultErrorHandler.java:85)
	at org.apache.jasper.compiler.ErrorDispatcher.javacError(ErrorDispatcher.java:329)
	at org.apache.jasper.compiler.JDTCompiler.generateClass(JDTCompiler.java:415)
	at org.apache.jasper.compiler.Compiler.compile(Compiler.java:308)
	at org.apache.jasper.compiler.Compiler.compile(Compiler.java:286)
	at org.apache.jasper.compiler.Compiler.compile(Compiler.java:273)
	at org.apache.jasper.JspCompilationContext.compile(JspCompilationContext.java:566)
	at org.apache.jasper.servlet.JspServletWrapper.service(JspServletWrapper.java:314)
	at org.apache.jasper.servlet.JspServlet.serviceJspFile(JspServlet.java:320)
	at org.apache.jasper.servlet.JspServlet.service(JspServlet.java:266)
	at javax.servlet.http.HttpServlet.service(HttpServlet.java:803)
	at org.apache.catalina.core.ApplicationFilterChain.internalDoFilter(ApplicationFilterChain.java:290)
	at org.apache.catalina.core.ApplicationFilterChain.doFilter(ApplicationFilterChain.java:206)
	at org.apache.catalina.core.StandardWrapperValve.invoke(StandardWrapperValve.java:228)
	at org.apache.catalina.core.StandardContextValve.invoke(StandardContextValve.java:175)
	at org.apache.catalina.core.StandardHostValve.invoke(StandardHostValve.java:128)
	at org.apache.catalina.valves.ErrorReportValve.invoke(ErrorReportValve.java:105)
	at org.apache.catalina.core.StandardEngineValve.invoke(StandardEngineValve.java:109)
	at org.apache.catalina.connector.CoyoteAdapter.service(CoyoteAdapter.java:212)
	at org.apache.coyote.http11.Http11Processor.process(Http11Processor.java:818)
	at org.apache.coyote.http11.Http11Protocol$Http11ConnectionHandler.process(Http11Protocol.java:624)
	at org.apache.tomcat.util.net.JIoEndpoint$Worker.run(JIoEndpoint.java:445)
	at java.lang.Thread.run(Thread.java:745)

Dec 06, 2016 3:38:06 AM org.apache.catalina.core.StandardWrapperValve invoke
SEVERE: Servlet.service() for servlet jsp threw exception
java.sql.SQLException: ORA-00942: table or view does not exist

	at oracle.jdbc.driver.DatabaseError.throwSqlException(DatabaseError.java:112)
	at oracle.jdbc.driver.T4CTTIoer.processError(T4CTTIoer.java:331)
	at oracle.jdbc.driver.T4CTTIoer.processError(T4CTTIoer.java:288)
	at oracle.jdbc.driver.T4C8Oall.receive(T4C8Oall.java:743)
	at oracle.jdbc.driver.T4CStatement.doOall8(T4CStatement.java:207)
	at oracle.jdbc.driver.T4CStatement.executeForDescribe(T4CStatement.java:790)
	at oracle.jdbc.driver.OracleStatement.executeMaybeDescribe(OracleStatement.java:1039)
	at oracle.jdbc.driver.T4CStatement.executeMaybeDescribe(T4CStatement.java:830)
	at oracle.jdbc.driver.OracleStatement.doExecuteWithTimeout(OracleStatement.java:1132)
	at oracle.jdbc.driver.OracleStatement.executeQuery(OracleStatement.java:1272)
	at org.apache.jsp.querypages.query_jsp._jspService(query_jsp.java:90)
	at org.apache.jasper.runtime.HttpJspBase.service(HttpJspBase.java:98)
	at javax.servlet.http.HttpServlet.service(HttpServlet.java:803)
	at org.apache.jasper.servlet.JspServletWrapper.service(JspServletWrapper.java:390)
	at org.apache.jasper.servlet.JspServlet.serviceJspFile(JspServlet.java:320)
	at org.apache.jasper.servlet.JspServlet.service(JspServlet.java:266)
	at javax.servlet.http.HttpServlet.service(HttpServlet.java:803)
	at org.apache.catalina.core.ApplicationFilterChain.internalDoFilter(ApplicationFilterChain.java:290)
	at org.apache.catalina.core.ApplicationFilterChain.doFilter(ApplicationFilterChain.java:206)
	at org.apache.catalina.core.StandardWrapperValve.invoke(StandardWrapperValve.java:228)
	at org.apache.catalina.core.StandardContextValve.invoke(StandardContextValve.java:175)
	at org.apache.catalina.core.StandardHostValve.invoke(StandardHostValve.java:128)
	at org.apache.catalina.valves.ErrorReportValve.invoke(ErrorReportValve.java:105)
	at org.apache.catalina.core.StandardEngineValve.invoke(StandardEngineValve.java:109)
	at org.apache.catalina.connector.CoyoteAdapter.service(CoyoteAdapter.java:212)
	at org.apache.coyote.http11.Http11Processor.process(Http11Processor.java:818)
	at org.apache.coyote.http11.Http11Protocol$Http11ConnectionHandler.process(Http11Protocol.java:624)
	at org.apache.tomcat.util.net.JIoEndpoint$Worker.run(JIoEndpoint.java:445)
	at java.lang.Thread.run(Thread.java:745)

Dec 06, 2016 3:39:26 AM org.apache.catalina.core.StandardWrapperValve invoke
SEVERE: Servlet.service() for servlet jsp threw exception
java.sql.SQLException: Invalid column index: getValidColumnIndex
	at oracle.jdbc.driver.DatabaseError.throwSqlException(DatabaseError.java:112)
	at oracle.jdbc.driver.DatabaseError.throwSqlException(DatabaseError.java:146)
	at oracle.jdbc.driver.OracleResultSetMetaData.getValidColumnIndex(OracleResultSetMetaData.java:143)
	at oracle.jdbc.driver.OracleResultSetMetaData.getColumnName(OracleResultSetMetaData.java:254)
	at org.apache.jsp.querypages.query_jsp._jspService(query_jsp.java:95)
	at org.apache.jasper.runtime.HttpJspBase.service(HttpJspBase.java:98)
	at javax.servlet.http.HttpServlet.service(HttpServlet.java:803)
	at org.apache.jasper.servlet.JspServletWrapper.service(JspServletWrapper.java:390)
	at org.apache.jasper.servlet.JspServlet.serviceJspFile(JspServlet.java:320)
	at org.apache.jasper.servlet.JspServlet.service(JspServlet.java:266)
	at javax.servlet.http.HttpServlet.service(HttpServlet.java:803)
	at org.apache.catalina.core.ApplicationFilterChain.internalDoFilter(ApplicationFilterChain.java:290)
	at org.apache.catalina.core.ApplicationFilterChain.doFilter(ApplicationFilterChain.java:206)
	at org.apache.catalina.core.StandardWrapperValve.invoke(StandardWrapperValve.java:228)
	at org.apache.catalina.core.StandardContextValve.invoke(StandardContextValve.java:175)
	at org.apache.catalina.core.StandardHostValve.invoke(StandardHostValve.java:128)
	at org.apache.catalina.valves.ErrorReportValve.invoke(ErrorReportValve.java:105)
	at org.apache.catalina.core.StandardEngineValve.invoke(StandardEngineValve.java:109)
	at org.apache.catalina.connector.CoyoteAdapter.service(CoyoteAdapter.java:212)
	at org.apache.coyote.http11.Http11Processor.process(Http11Processor.java:818)
	at org.apache.coyote.http11.Http11Protocol$Http11ConnectionHandler.process(Http11Protocol.java:624)
	at org.apache.tomcat.util.net.JIoEndpoint$Worker.run(JIoEndpoint.java:445)
	at java.lang.Thread.run(Thread.java:745)

Dec 06, 2016 3:40:57 AM org.apache.catalina.core.StandardWrapperValve invoke
SEVERE: Servlet.service() for servlet jsp threw exception
org.apache.jasper.JasperException: Unable to compile class for JSP

An error occurred at line: 13 in the jsp file: /querypages/query.jsp
Generated servlet error:
Type mismatch: cannot convert from int to boolean

An error occurred at line: 13 in the jsp file: /querypages/query.jsp
Generated servlet error:
Syntax error on token "<", delete this token

An error occurred at line: 13 in the jsp file: /querypages/query.jsp
Generated servlet error:
Type mismatch: cannot convert from int to boolean

An error occurred at line: 13 in the jsp file: /querypages/query.jsp
Generated servlet error:
Syntax error on token "<", delete this token


	at org.apache.jasper.compiler.DefaultErrorHandler.javacError(DefaultErrorHandler.java:85)
	at org.apache.jasper.compiler.ErrorDispatcher.javacError(ErrorDispatcher.java:329)
	at org.apache.jasper.compiler.JDTCompiler.generateClass(JDTCompiler.java:415)
	at org.apache.jasper.compiler.Compiler.compile(Compiler.java:308)
	at org.apache.jasper.compiler.Compiler.compile(Compiler.java:286)
	at org.apache.jasper.compiler.Compiler.compile(Compiler.java:273)
	at org.apache.jasper.JspCompilationContext.compile(JspCompilationContext.java:566)
	at org.apache.jasper.servlet.JspServletWrapper.service(JspServletWrapper.java:314)
	at org.apache.jasper.servlet.JspServlet.serviceJspFile(JspServlet.java:320)
	at org.apache.jasper.servlet.JspServlet.service(JspServlet.java:266)
	at javax.servlet.http.HttpServlet.service(HttpServlet.java:803)
	at org.apache.catalina.core.ApplicationFilterChain.internalDoFilter(ApplicationFilterChain.java:290)
	at org.apache.catalina.core.ApplicationFilterChain.doFilter(ApplicationFilterChain.java:206)
	at org.apache.catalina.core.StandardWrapperValve.invoke(StandardWrapperValve.java:228)
	at org.apache.catalina.core.StandardContextValve.invoke(StandardContextValve.java:175)
	at org.apache.catalina.core.StandardHostValve.invoke(StandardHostValve.java:128)
	at org.apache.catalina.valves.ErrorReportValve.invoke(ErrorReportValve.java:105)
	at org.apache.catalina.core.StandardEngineValve.invoke(StandardEngineValve.java:109)
	at org.apache.catalina.connector.CoyoteAdapter.service(CoyoteAdapter.java:212)
	at org.apache.coyote.http11.Http11Processor.process(Http11Processor.java:818)
	at org.apache.coyote.http11.Http11Protocol$Http11ConnectionHandler.process(Http11Protocol.java:624)
	at org.apache.tomcat.util.net.JIoEndpoint$Worker.run(JIoEndpoint.java:445)
	at java.lang.Thread.run(Thread.java:745)

Dec 06, 2016 3:45:55 AM org.apache.catalina.core.ApplicationContext log
INFO: SessionListener: contextDestroyed()
Dec 06, 2016 3:45:55 AM org.apache.catalina.core.ApplicationContext log
INFO: ContextListener: contextDestroyed()
Dec 06, 2016 3:48:16 AM org.apache.catalina.core.ApplicationContext log
INFO: ContextListener: contextInitialized()
Dec 06, 2016 3:48:16 AM org.apache.catalina.core.ApplicationContext log
INFO: SessionListener: contextInitialized()
